<?xml version="1.0" encoding="UTF-8"?>
<coverage generated="1648048103214" clover="3.2.0">
  <project timestamp="1648048103215" name="All files">
    <metrics statements="540" coveredstatements="440" conditionals="122" coveredconditionals="100" methods="62" coveredmethods="56" elements="724" coveredelements="596" complexity="0" loc="540" ncloc="540" packages="8" files="10" classes="10"/>
    <package name="src">
      <metrics statements="20" coveredstatements="9" conditionals="2" coveredconditionals="0" methods="6" coveredmethods="0"/>
      <file name="app.ts" path="/Users/biuea/openapi/src/app.ts">
        <metrics statements="9" coveredstatements="9" conditionals="0" coveredconditionals="0" methods="0" coveredmethods="0"/>
        <line num="1" count="2" type="stmt"/>
        <line num="2" count="2" type="stmt"/>
        <line num="3" count="2" type="stmt"/>
        <line num="4" count="2" type="stmt"/>
        <line num="6" count="2" type="stmt"/>
        <line num="8" count="2" type="stmt"/>
        <line num="10" count="2" type="stmt"/>
        <line num="12" count="2" type="stmt"/>
        <line num="14" count="2" type="stmt"/>
      </file>
      <file name="index.ts" path="/Users/biuea/openapi/src/index.ts">
        <metrics statements="11" coveredstatements="0" conditionals="2" coveredconditionals="0" methods="6" coveredmethods="0"/>
        <line num="2" count="0" type="stmt"/>
        <line num="3" count="0" type="stmt"/>
        <line num="5" count="0" type="stmt"/>
        <line num="13" count="0" type="stmt"/>
        <line num="14" count="0" type="stmt"/>
        <line num="17" count="0" type="stmt"/>
        <line num="18" count="0" type="stmt"/>
        <line num="19" count="0" type="stmt"/>
        <line num="22" count="0" type="stmt"/>
        <line num="24" count="0" type="cond" truecount="0" falsecount="2"/>
        <line num="26" count="0" type="stmt"/>
      </file>
    </package>
    <package name="src.config">
      <metrics statements="12" coveredstatements="12" conditionals="0" coveredconditionals="0" methods="0" coveredmethods="0"/>
      <file name="env.variable.ts" path="/Users/biuea/openapi/src/config/env.variable.ts">
        <metrics statements="12" coveredstatements="12" conditionals="0" coveredconditionals="0" methods="0" coveredmethods="0"/>
        <line num="1" count="4" type="stmt"/>
        <line num="3" count="4" type="stmt"/>
        <line num="4" count="4" type="stmt"/>
        <line num="5" count="4" type="stmt"/>
        <line num="6" count="4" type="stmt"/>
        <line num="7" count="4" type="stmt"/>
        <line num="10" count="4" type="stmt"/>
        <line num="11" count="4" type="stmt"/>
        <line num="12" count="4" type="stmt"/>
        <line num="13" count="4" type="stmt"/>
        <line num="14" count="4" type="stmt"/>
        <line num="15" count="4" type="stmt"/>
      </file>
    </package>
    <package name="src.constants">
      <metrics statements="64" coveredstatements="64" conditionals="0" coveredconditionals="0" methods="0" coveredmethods="0"/>
      <file name="result.code.ts" path="/Users/biuea/openapi/src/constants/result.code.ts">
        <metrics statements="64" coveredstatements="64" conditionals="0" coveredconditionals="0" methods="0" coveredmethods="0"/>
        <line num="1" count="4" type="stmt"/>
        <line num="2" count="4" type="stmt"/>
        <line num="3" count="4" type="stmt"/>
        <line num="5" count="4" type="stmt"/>
        <line num="6" count="4" type="stmt"/>
        <line num="7" count="4" type="stmt"/>
        <line num="8" count="4" type="stmt"/>
        <line num="10" count="4" type="stmt"/>
        <line num="11" count="4" type="stmt"/>
        <line num="12" count="4" type="stmt"/>
        <line num="13" count="4" type="stmt"/>
        <line num="14" count="4" type="stmt"/>
        <line num="15" count="4" type="stmt"/>
        <line num="16" count="4" type="stmt"/>
        <line num="17" count="4" type="stmt"/>
        <line num="18" count="4" type="stmt"/>
        <line num="19" count="4" type="stmt"/>
        <line num="20" count="4" type="stmt"/>
        <line num="21" count="4" type="stmt"/>
        <line num="22" count="4" type="stmt"/>
        <line num="23" count="4" type="stmt"/>
        <line num="24" count="4" type="stmt"/>
        <line num="25" count="4" type="stmt"/>
        <line num="26" count="4" type="stmt"/>
        <line num="27" count="4" type="stmt"/>
        <line num="28" count="4" type="stmt"/>
        <line num="29" count="4" type="stmt"/>
        <line num="30" count="4" type="stmt"/>
        <line num="31" count="4" type="stmt"/>
        <line num="32" count="4" type="stmt"/>
        <line num="33" count="4" type="stmt"/>
        <line num="35" count="4" type="stmt"/>
        <line num="38" count="4" type="stmt"/>
        <line num="39" count="4" type="stmt"/>
        <line num="40" count="4" type="stmt"/>
        <line num="41" count="4" type="stmt"/>
        <line num="42" count="4" type="stmt"/>
        <line num="43" count="4" type="stmt"/>
        <line num="44" count="4" type="stmt"/>
        <line num="45" count="4" type="stmt"/>
        <line num="46" count="4" type="stmt"/>
        <line num="47" count="4" type="stmt"/>
        <line num="48" count="4" type="stmt"/>
        <line num="49" count="4" type="stmt"/>
        <line num="50" count="4" type="stmt"/>
        <line num="51" count="4" type="stmt"/>
        <line num="52" count="4" type="stmt"/>
        <line num="53" count="4" type="stmt"/>
        <line num="54" count="4" type="stmt"/>
        <line num="55" count="4" type="stmt"/>
        <line num="56" count="4" type="stmt"/>
        <line num="57" count="4" type="stmt"/>
        <line num="58" count="4" type="stmt"/>
        <line num="59" count="4" type="stmt"/>
        <line num="60" count="4" type="stmt"/>
        <line num="61" count="4" type="stmt"/>
        <line num="62" count="4" type="stmt"/>
        <line num="63" count="4" type="stmt"/>
        <line num="64" count="4" type="stmt"/>
        <line num="65" count="4" type="stmt"/>
        <line num="66" count="4" type="stmt"/>
        <line num="67" count="4" type="stmt"/>
        <line num="68" count="4" type="stmt"/>
        <line num="69" count="4" type="stmt"/>
      </file>
    </package>
    <package name="src.model">
      <metrics statements="5" coveredstatements="5" conditionals="0" coveredconditionals="0" methods="0" coveredmethods="0"/>
      <file name="mysql.connection.ts" path="/Users/biuea/openapi/src/model/mysql.connection.ts">
        <metrics statements="5" coveredstatements="5" conditionals="0" coveredconditionals="0" methods="0" coveredmethods="0"/>
        <line num="1" count="4" type="stmt"/>
        <line num="2" count="4" type="stmt"/>
        <line num="10" count="4" type="stmt"/>
        <line num="18" count="4" type="stmt"/>
        <line num="20" count="4" type="stmt"/>
      </file>
    </package>
    <package name="src.repository">
      <metrics statements="275" coveredstatements="214" conditionals="67" coveredconditionals="62" methods="30" coveredmethods="30"/>
      <file name="api.repository.ts" path="/Users/biuea/openapi/src/repository/api.repository.ts">
        <metrics statements="275" coveredstatements="214" conditionals="67" coveredconditionals="62" methods="30" coveredmethods="30"/>
        <line num="3" count="4" type="stmt"/>
        <line num="7" count="4" type="stmt"/>
        <line num="9" count="4" type="stmt"/>
        <line num="10" count="4" type="stmt"/>
        <line num="11" count="12" type="cond" truecount="1" falsecount="0"/>
        <line num="14" count="12" type="stmt"/>
        <line num="18" count="24" type="stmt"/>
        <line num="20" count="12" type="stmt"/>
        <line num="25" count="24" type="stmt"/>
        <line num="27" count="12" type="cond" truecount="1" falsecount="0"/>
        <line num="28" count="2" type="stmt"/>
        <line num="35" count="10" type="stmt"/>
        <line num="41" count="0" type="stmt"/>
        <line num="43" count="0" type="stmt"/>
        <line num="49" count="12" type="stmt"/>
        <line num="53" count="4" type="stmt"/>
        <line num="54" count="13" type="cond" truecount="6" falsecount="0"/>
        <line num="57" count="13" type="stmt"/>
        <line num="61" count="26" type="stmt"/>
        <line num="63" count="13" type="stmt"/>
        <line num="68" count="26" type="cond" truecount="1" falsecount="0"/>
        <line num="69" count="0" type="stmt"/>
        <line num="71" count="0" type="stmt"/>
        <line num="78" count="26" type="stmt"/>
        <line num="82" count="23" type="cond" truecount="1" falsecount="0"/>
        <line num="83" count="3" type="stmt"/>
        <line num="84" count="17" type="cond" truecount="1" falsecount="0"/>
        <line num="85" count="3" type="stmt"/>
        <line num="86" count="7" type="cond" truecount="0" falsecount="1"/>
        <line num="87" count="7" type="stmt"/>
        <line num="90" count="13" type="stmt"/>
        <line num="96" count="0" type="stmt"/>
        <line num="98" count="0" type="stmt"/>
        <line num="104" count="13" type="stmt"/>
        <line num="108" count="4" type="stmt"/>
        <line num="109" count="312" type="cond" truecount="1" falsecount="0"/>
        <line num="112" count="312" type="stmt"/>
        <line num="116" count="624" type="stmt"/>
        <line num="118" count="312" type="stmt"/>
        <line num="123" count="624" type="stmt"/>
        <line num="125" count="312" type="stmt"/>
        <line num="131" count="0" type="stmt"/>
        <line num="137" count="312" type="stmt"/>
        <line num="141" count="4" type="stmt"/>
        <line num="142" count="2" type="cond" truecount="2" falsecount="0"/>
        <line num="145" count="2" type="stmt"/>
        <line num="149" count="4" type="stmt"/>
        <line num="151" count="2" type="stmt"/>
        <line num="156" count="4" type="cond" truecount="1" falsecount="0"/>
        <line num="157" count="0" type="stmt"/>
        <line num="159" count="0" type="stmt"/>
        <line num="166" count="4" type="stmt"/>
        <line num="168" count="2" type="stmt"/>
        <line num="174" count="0" type="stmt"/>
        <line num="176" count="0" type="stmt"/>
        <line num="182" count="2" type="stmt"/>
        <line num="186" count="4" type="stmt"/>
        <line num="187" count="463" type="cond" truecount="1" falsecount="0"/>
        <line num="190" count="463" type="stmt"/>
        <line num="194" count="926" type="stmt"/>
        <line num="196" count="463" type="stmt"/>
        <line num="198" count="926" type="stmt"/>
        <line num="200" count="463" type="stmt"/>
        <line num="206" count="0" type="stmt"/>
        <line num="208" count="0" type="stmt"/>
        <line num="214" count="463" type="stmt"/>
        <line num="218" count="4" type="stmt"/>
        <line num="219" count="211" type="cond" truecount="1" falsecount="0"/>
        <line num="222" count="211" type="stmt"/>
        <line num="226" count="422" type="stmt"/>
        <line num="228" count="211" type="stmt"/>
        <line num="233" count="422" type="stmt"/>
        <line num="235" count="211" type="stmt"/>
        <line num="241" count="0" type="stmt"/>
        <line num="247" count="211" type="stmt"/>
        <line num="251" count="4" type="stmt"/>
        <line num="252" count="2" type="cond" truecount="2" falsecount="0"/>
        <line num="255" count="2" type="stmt"/>
        <line num="259" count="4" type="stmt"/>
        <line num="261" count="2" type="stmt"/>
        <line num="266" count="4" type="cond" truecount="1" falsecount="0"/>
        <line num="267" count="0" type="stmt"/>
        <line num="269" count="0" type="stmt"/>
        <line num="276" count="4" type="stmt"/>
        <line num="278" count="2" type="stmt"/>
        <line num="284" count="0" type="stmt"/>
        <line num="286" count="0" type="stmt"/>
        <line num="292" count="2" type="stmt"/>
        <line num="296" count="4" type="stmt"/>
        <line num="297" count="365" type="cond" truecount="1" falsecount="0"/>
        <line num="300" count="365" type="stmt"/>
        <line num="304" count="730" type="stmt"/>
        <line num="306" count="365" type="stmt"/>
        <line num="308" count="730" type="stmt"/>
        <line num="310" count="365" type="stmt"/>
        <line num="316" count="0" type="stmt"/>
        <line num="318" count="0" type="stmt"/>
        <line num="324" count="365" type="stmt"/>
        <line num="328" count="4" type="stmt"/>
        <line num="329" count="365" type="cond" truecount="1" falsecount="0"/>
        <line num="332" count="365" type="stmt"/>
        <line num="336" count="730" type="stmt"/>
        <line num="338" count="365" type="stmt"/>
        <line num="343" count="730" type="stmt"/>
        <line num="345" count="365" type="stmt"/>
        <line num="346" count="105" type="cond" truecount="3" falsecount="0"/>
        <line num="347" count="105" type="stmt"/>
        <line num="349" count="105" type="stmt"/>
        <line num="355" count="365" type="stmt"/>
        <line num="361" count="0" type="stmt"/>
        <line num="363" count="0" type="stmt"/>
        <line num="369" count="365" type="stmt"/>
        <line num="373" count="4" type="stmt"/>
        <line num="374" count="429" type="cond" truecount="1" falsecount="0"/>
        <line num="377" count="429" type="stmt"/>
        <line num="381" count="858" type="stmt"/>
        <line num="383" count="429" type="stmt"/>
        <line num="388" count="858" type="stmt"/>
        <line num="390" count="429" type="stmt"/>
        <line num="396" count="0" type="stmt"/>
        <line num="402" count="429" type="stmt"/>
        <line num="406" count="4" type="stmt"/>
        <line num="407" count="6" type="cond" truecount="2" falsecount="0"/>
        <line num="410" count="6" type="stmt"/>
        <line num="414" count="12" type="stmt"/>
        <line num="416" count="6" type="stmt"/>
        <line num="421" count="12" type="cond" truecount="1" falsecount="0"/>
        <line num="422" count="0" type="stmt"/>
        <line num="424" count="0" type="stmt"/>
        <line num="431" count="12" type="stmt"/>
        <line num="433" count="6" type="stmt"/>
        <line num="439" count="0" type="stmt"/>
        <line num="441" count="0" type="stmt"/>
        <line num="447" count="6" type="stmt"/>
        <line num="451" count="4" type="stmt"/>
        <line num="452" count="740" type="cond" truecount="1" falsecount="0"/>
        <line num="455" count="740" type="stmt"/>
        <line num="459" count="1480" type="stmt"/>
        <line num="461" count="740" type="stmt"/>
        <line num="466" count="1480" type="stmt"/>
        <line num="468" count="740" type="stmt"/>
        <line num="474" count="0" type="stmt"/>
        <line num="476" count="0" type="stmt"/>
        <line num="482" count="740" type="stmt"/>
        <line num="486" count="4" type="stmt"/>
        <line num="487" count="13" type="cond" truecount="1" falsecount="1"/>
        <line num="490" count="22" type="cond" truecount="3" falsecount="0"/>
        <line num="491" count="4" type="stmt"/>
        <line num="494" count="8" type="stmt"/>
        <line num="496" count="4" type="stmt"/>
        <line num="498" count="8" type="stmt"/>
        <line num="500" count="834" type="stmt"/>
        <line num="501" count="834" type="stmt"/>
        <line num="506" count="1460" type="cond" truecount="1" falsecount="0"/>
        <line num="507" count="208" type="cond" truecount="8" falsecount="0"/>
        <line num="508" count="208" type="stmt"/>
        <line num="509" count="208" type="stmt"/>
        <line num="512" count="1464" type="cond" truecount="1" falsecount="0"/>
        <line num="513" count="204" type="stmt"/>
        <line num="514" count="204" type="stmt"/>
        <line num="517" count="1246" type="cond" truecount="1" falsecount="0"/>
        <line num="518" count="422" type="stmt"/>
        <line num="519" count="422" type="stmt"/>
        <line num="522" count="834" type="stmt"/>
        <line num="529" count="4" type="stmt"/>
        <line num="534" count="15" type="cond" truecount="1" falsecount="0"/>
        <line num="535" count="3" type="stmt"/>
        <line num="539" count="6" type="stmt"/>
        <line num="541" count="3" type="stmt"/>
        <line num="543" count="6" type="stmt"/>
        <line num="545" count="157" type="stmt"/>
        <line num="546" count="157" type="cond" truecount="3" falsecount="0"/>
        <line num="547" count="157" type="stmt"/>
        <line num="548" count="157" type="stmt"/>
        <line num="554" count="157" type="stmt"/>
        <line num="557" count="3" type="stmt"/>
        <line num="562" count="9" type="cond" truecount="1" falsecount="0"/>
        <line num="563" count="3" type="stmt"/>
        <line num="567" count="6" type="stmt"/>
        <line num="569" count="3" type="stmt"/>
        <line num="574" count="6" type="stmt"/>
        <line num="576" count="154" type="stmt"/>
        <line num="577" count="154" type="cond" truecount="2" falsecount="0"/>
        <line num="579" count="154" type="stmt"/>
        <line num="584" count="154" type="stmt"/>
        <line num="587" count="3" type="stmt"/>
        <line num="592" count="3" type="cond" truecount="0" falsecount="1"/>
        <line num="593" count="3" type="stmt"/>
        <line num="597" count="6" type="stmt"/>
        <line num="599" count="3" type="stmt"/>
        <line num="601" count="6" type="stmt"/>
        <line num="603" count="318" type="stmt"/>
        <line num="604" count="318" type="cond" truecount="2" falsecount="0"/>
        <line num="605" count="318" type="stmt"/>
        <line num="610" count="318" type="stmt"/>
        <line num="613" count="3" type="stmt"/>
        <line num="620" count="0" type="stmt"/>
        <line num="626" count="0" type="stmt"/>
        <line num="628" count="0" type="stmt"/>
        <line num="634" count="13" type="stmt"/>
        <line num="638" count="4" type="stmt"/>
        <line num="639" count="3" type="cond" truecount="1" falsecount="0"/>
        <line num="642" count="3" type="stmt"/>
        <line num="646" count="6" type="stmt"/>
        <line num="648" count="3" type="stmt"/>
        <line num="650" count="6" type="stmt"/>
        <line num="652" count="3" type="cond" truecount="1" falsecount="0"/>
        <line num="653" count="1" type="stmt"/>
        <line num="660" count="2" type="stmt"/>
        <line num="666" count="0" type="stmt"/>
        <line num="668" count="0" type="stmt"/>
        <line num="674" count="3" type="stmt"/>
        <line num="678" count="4" type="stmt"/>
        <line num="679" count="2" type="cond" truecount="1" falsecount="0"/>
        <line num="682" count="2" type="stmt"/>
        <line num="686" count="4" type="stmt"/>
        <line num="688" count="2" type="stmt"/>
        <line num="693" count="4" type="stmt"/>
        <line num="695" count="2" type="cond" truecount="1" falsecount="0"/>
        <line num="696" count="2" type="stmt"/>
        <line num="703" count="0" type="stmt"/>
        <line num="709" count="0" type="stmt"/>
        <line num="711" count="0" type="stmt"/>
        <line num="717" count="2" type="stmt"/>
        <line num="721" count="4" type="stmt"/>
        <line num="722" count="1" type="cond" truecount="1" falsecount="0"/>
        <line num="725" count="1" type="stmt"/>
        <line num="729" count="2" type="stmt"/>
        <line num="731" count="1" type="stmt"/>
        <line num="733" count="2" type="stmt"/>
        <line num="735" count="1" type="stmt"/>
        <line num="741" count="0" type="stmt"/>
        <line num="743" count="0" type="stmt"/>
        <line num="749" count="1" type="stmt"/>
        <line num="753" count="4" type="stmt"/>
        <line num="754" count="4" type="cond" truecount="1" falsecount="0"/>
        <line num="757" count="4" type="stmt"/>
        <line num="761" count="8" type="stmt"/>
        <line num="763" count="4" type="stmt"/>
        <line num="765" count="8" type="stmt"/>
        <line num="767" count="4" type="cond" truecount="1" falsecount="0"/>
        <line num="768" count="3" type="stmt"/>
        <line num="775" count="1" type="stmt"/>
        <line num="776" count="1" type="stmt"/>
        <line num="778" count="2" type="cond" truecount="1" falsecount="0"/>
        <line num="779" count="0" type="stmt"/>
        <line num="783" count="0" type="stmt"/>
        <line num="785" count="0" type="stmt"/>
        <line num="787" count="0" type="stmt"/>
        <line num="789" count="0" type="stmt"/>
        <line num="793" count="0" type="stmt"/>
        <line num="795" count="0" type="stmt"/>
        <line num="797" count="0" type="stmt"/>
        <line num="799" count="0" type="stmt"/>
        <line num="805" count="0" type="stmt"/>
        <line num="806" count="1" type="cond" truecount="0" falsecount="1"/>
        <line num="807" count="1" type="stmt"/>
        <line num="811" count="2" type="stmt"/>
        <line num="813" count="1" type="stmt"/>
        <line num="815" count="0" type="stmt"/>
        <line num="817" count="0" type="stmt"/>
        <line num="822" count="0" type="stmt"/>
        <line num="823" count="0" type="cond" truecount="0" falsecount="1"/>
        <line num="824" count="0" type="stmt"/>
        <line num="828" count="0" type="stmt"/>
        <line num="830" count="0" type="stmt"/>
        <line num="832" count="0" type="stmt"/>
        <line num="834" count="0" type="stmt"/>
        <line num="839" count="0" type="stmt"/>
        <line num="843" count="1" type="stmt"/>
        <line num="849" count="0" type="stmt"/>
        <line num="851" count="0" type="stmt"/>
        <line num="857" count="4" type="stmt"/>
        <line num="860" count="4" type="stmt"/>
        <line num="862" count="4" type="stmt"/>
      </file>
    </package>
    <package name="src.routes">
      <metrics statements="57" coveredstatements="48" conditionals="25" coveredconditionals="21" methods="14" coveredmethods="14"/>
      <file name="api.route.ts" path="/Users/biuea/openapi/src/routes/api.route.ts">
        <metrics statements="40" coveredstatements="31" conditionals="17" coveredconditionals="13" methods="6" coveredmethods="6"/>
        <line num="3" count="2" type="stmt"/>
        <line num="7" count="2" type="stmt"/>
        <line num="9" count="2" type="stmt"/>
        <line num="13" count="2" type="stmt"/>
        <line num="16" count="2" type="stmt"/>
        <line num="21" count="7" type="stmt"/>
        <line num="22" count="7" type="stmt"/>
        <line num="24" count="7" type="cond" truecount="2" falsecount="1"/>
        <line num="25" count="0" type="stmt"/>
        <line num="29" count="7" type="cond" truecount="1" falsecount="0"/>
        <line num="30" count="2" type="stmt"/>
        <line num="34" count="5" type="stmt"/>
        <line num="37" count="0" type="stmt"/>
        <line num="42" count="2" type="stmt"/>
        <line num="47" count="5" type="stmt"/>
        <line num="48" count="5" type="stmt"/>
        <line num="50" count="5" type="cond" truecount="0" falsecount="1"/>
        <line num="54" count="0" type="stmt"/>
        <line num="58" count="5" type="stmt"/>
        <line num="61" count="0" type="stmt"/>
        <line num="66" count="2" type="stmt"/>
        <line num="71" count="2" type="stmt"/>
        <line num="72" count="2" type="stmt"/>
        <line num="74" count="2" type="cond" truecount="2" falsecount="1"/>
        <line num="75" count="0" type="stmt"/>
        <line num="79" count="2" type="cond" truecount="3" falsecount="0"/>
        <line num="80" count="2" type="stmt"/>
        <line num="84" count="0" type="stmt"/>
        <line num="87" count="0" type="stmt"/>
        <line num="92" count="2" type="stmt"/>
        <line num="97" count="2" type="stmt"/>
        <line num="98" count="2" type="stmt"/>
        <line num="100" count="2" type="cond" truecount="1" falsecount="0"/>
        <line num="101" count="1" type="stmt"/>
        <line num="105" count="1" type="cond" truecount="2" falsecount="1"/>
        <line num="106" count="0" type="stmt"/>
        <line num="110" count="1" type="stmt"/>
        <line num="113" count="0" type="stmt"/>
        <line num="117" count="2" type="stmt"/>
        <line num="119" count="2" type="stmt"/>
      </file>
      <file name="index.ts" path="/Users/biuea/openapi/src/routes/index.ts">
        <metrics statements="17" coveredstatements="17" conditionals="8" coveredconditionals="8" methods="8" coveredmethods="8"/>
        <line num="1" count="2" type="stmt"/>
        <line num="2" count="2" type="stmt"/>
        <line num="4" count="2" type="stmt"/>
        <line num="5" count="2" type="stmt"/>
        <line num="7" count="2" type="stmt"/>
        <line num="9" count="7" type="stmt"/>
        <line num="10" count="14" type="cond" truecount="2" falsecount="0"/>
        <line num="15" count="2" type="stmt"/>
        <line num="17" count="5" type="stmt"/>
        <line num="18" count="10" type="cond" truecount="2" falsecount="0"/>
        <line num="23" count="2" type="stmt"/>
        <line num="25" count="2" type="stmt"/>
        <line num="26" count="4" type="cond" truecount="2" falsecount="0"/>
        <line num="31" count="2" type="stmt"/>
        <line num="33" count="2" type="stmt"/>
        <line num="34" count="4" type="cond" truecount="2" falsecount="0"/>
        <line num="39" count="2" type="stmt"/>
      </file>
    </package>
    <package name="src.service">
      <metrics statements="73" coveredstatements="58" conditionals="15" coveredconditionals="6" methods="6" coveredmethods="6"/>
      <file name="api.service.ts" path="/Users/biuea/openapi/src/service/api.service.ts">
        <metrics statements="73" coveredstatements="58" conditionals="15" coveredconditionals="6" methods="6" coveredmethods="6"/>
        <line num="2" count="3" type="stmt"/>
        <line num="6" count="3" type="stmt"/>
        <line num="7" count="3" type="stmt"/>
        <line num="9" count="3" type="stmt"/>
        <line num="14" count="4" type="stmt"/>
        <line num="15" count="4" type="stmt"/>
        <line num="18" count="3" type="stmt"/>
        <line num="20" count="12" type="stmt"/>
        <line num="25" count="12" type="cond" truecount="0" falsecount="1"/>
        <line num="26" count="0" type="stmt"/>
        <line num="34" count="12" type="stmt"/>
        <line num="35" count="12" type="cond" truecount="1" falsecount="1"/>
        <line num="37" count="12" type="cond" truecount="1" falsecount="0"/>
        <line num="38" count="2" type="stmt"/>
        <line num="41" count="10" type="stmt"/>
        <line num="43" count="18" type="cond" truecount="1" falsecount="0"/>
        <line num="44" count="2" type="stmt"/>
        <line num="50" count="2" type="stmt"/>
        <line num="52" count="2" type="cond" truecount="0" falsecount="1"/>
        <line num="53" count="0" type="stmt"/>
        <line num="56" count="2" type="stmt"/>
        <line num="64" count="2" type="stmt"/>
        <line num="66" count="2" type="cond" truecount="0" falsecount="1"/>
        <line num="67" count="0" type="stmt"/>
        <line num="70" count="2" type="stmt"/>
        <line num="73" count="14" type="cond" truecount="1" falsecount="0"/>
        <line num="74" count="2" type="stmt"/>
        <line num="80" count="2" type="stmt"/>
        <line num="82" count="2" type="cond" truecount="0" falsecount="1"/>
        <line num="83" count="0" type="stmt"/>
        <line num="86" count="2" type="stmt"/>
        <line num="94" count="2" type="stmt"/>
        <line num="96" count="2" type="cond" truecount="0" falsecount="1"/>
        <line num="97" count="0" type="stmt"/>
        <line num="100" count="2" type="stmt"/>
        <line num="103" count="6" type="cond" truecount="0" falsecount="1"/>
        <line num="104" count="6" type="stmt"/>
        <line num="110" count="6" type="stmt"/>
        <line num="112" count="6" type="cond" truecount="0" falsecount="1"/>
        <line num="113" count="0" type="stmt"/>
        <line num="116" count="6" type="stmt"/>
        <line num="122" count="6" type="stmt"/>
        <line num="124" count="6" type="cond" truecount="0" falsecount="1"/>
        <line num="125" count="0" type="stmt"/>
        <line num="128" count="6" type="stmt"/>
        <line num="131" count="0" type="stmt"/>
        <line num="137" count="0" type="stmt"/>
        <line num="145" count="3" type="stmt"/>
        <line num="147" count="9" type="stmt"/>
        <line num="149" count="9" type="stmt"/>
        <line num="151" count="0" type="stmt"/>
        <line num="159" count="3" type="stmt"/>
        <line num="161" count="3" type="stmt"/>
        <line num="166" count="3" type="stmt"/>
        <line num="167" count="3" type="stmt"/>
        <line num="169" count="3" type="cond" truecount="1" falsecount="0"/>
        <line num="170" count="1" type="stmt"/>
        <line num="173" count="2" type="stmt"/>
        <line num="174" count="2" type="stmt"/>
        <line num="176" count="2" type="cond" truecount="1" falsecount="0"/>
        <line num="177" count="2" type="stmt"/>
        <line num="180" count="0" type="stmt"/>
        <line num="182" count="0" type="stmt"/>
        <line num="184" count="0" type="stmt"/>
        <line num="186" count="0" type="stmt"/>
        <line num="194" count="3" type="stmt"/>
        <line num="195" count="3" type="stmt"/>
        <line num="198" count="3" type="stmt"/>
        <line num="199" count="3" type="stmt"/>
        <line num="201" count="3" type="stmt"/>
        <line num="203" count="0" type="stmt"/>
        <line num="210" count="3" type="stmt"/>
        <line num="212" count="3" type="stmt"/>
      </file>
    </package>
    <package name="src.util">
      <metrics statements="34" coveredstatements="30" conditionals="13" coveredconditionals="11" methods="6" coveredmethods="6"/>
      <file name="resource.util.ts" path="/Users/biuea/openapi/src/util/resource.util.ts">
        <metrics statements="34" coveredstatements="30" conditionals="13" coveredconditionals="11" methods="6" coveredmethods="6"/>
        <line num="1" count="3" type="stmt"/>
        <line num="3" count="3" type="stmt"/>
        <line num="4" count="3" type="stmt"/>
        <line num="5" count="10" type="stmt"/>
        <line num="11" count="10" type="stmt"/>
        <line num="17" count="10" type="cond" truecount="2" falsecount="0"/>
        <line num="18" count="2" type="stmt"/>
        <line num="19" count="8" type="cond" truecount="2" falsecount="0"/>
        <line num="20" count="2" type="stmt"/>
        <line num="22" count="6" type="stmt"/>
        <line num="26" count="3" type="stmt"/>
        <line num="27" count="2" type="stmt"/>
        <line num="30" count="3" type="stmt"/>
        <line num="31" count="2" type="stmt"/>
        <line num="33" count="2" type="cond" truecount="2" falsecount="0"/>
        <line num="34" count="1" type="stmt"/>
        <line num="35" count="1" type="cond" truecount="1" falsecount="1"/>
        <line num="36" count="0" type="stmt"/>
        <line num="37" count="1" type="cond" truecount="1" falsecount="0"/>
        <line num="38" count="1" type="stmt"/>
        <line num="42" count="3" type="stmt"/>
        <line num="43" count="6" type="cond" truecount="1" falsecount="0"/>
        <line num="44" count="2" type="stmt"/>
        <line num="47" count="4" type="cond" truecount="1" falsecount="0"/>
        <line num="48" count="2" type="stmt"/>
        <line num="51" count="2" type="cond" truecount="1" falsecount="0"/>
        <line num="52" count="2" type="stmt"/>
        <line num="55" count="0" type="cond" truecount="0" falsecount="1"/>
        <line num="56" count="0" type="stmt"/>
        <line num="59" count="0" type="stmt"/>
        <line num="62" count="3" type="stmt"/>
        <line num="63" count="6" type="stmt"/>
        <line num="65" count="3" type="stmt"/>
        <line num="67" count="3" type="stmt"/>
      </file>
    </package>
  </project>
</coverage>
