{"/Users/biuea/openapi/src/app.ts": {"path":"/Users/biuea/openapi/src/app.ts","statementMap":{"0":{"start":{"line":1,"column":0},"end":{"line":1,"column":37}},"1":{"start":{"line":2,"column":0},"end":{"line":2,"column":38}},"2":{"start":{"line":3,"column":0},"end":{"line":3,"column":30}},"3":{"start":{"line":4,"column":0},"end":{"line":4,"column":40}},"4":{"start":{"line":6,"column":33},"end":{"line":6,"column":42}},"5":{"start":{"line":14,"column":9},"end":{"line":14,"column":12}},"6":{"start":{"line":8,"column":0},"end":{"line":8,"column":27}},"7":{"start":{"line":10,"column":0},"end":{"line":10,"column":23}},"8":{"start":{"line":12,"column":0},"end":{"line":12,"column":21}}},"fnMap":{},"branchMap":{},"s":{"0":2,"1":2,"2":2,"3":2,"4":2,"5":2,"6":2,"7":2,"8":2},"f":{},"b":{}}
,"/Users/biuea/openapi/src/index.ts": {"path":"/Users/biuea/openapi/src/index.ts","statementMap":{"0":{"start":{"line":2,"column":0},"end":{"line":2,"column":28}},"1":{"start":{"line":3,"column":0},"end":{"line":3,"column":45}},"2":{"start":{"line":5,"column":0},"end":{"line":5,"column":null}},"3":{"start":{"line":13,"column":8},"end":{"line":13,"column":25}},"4":{"start":{"line":14,"column":8},"end":{"line":14,"column":23}},"5":{"start":{"line":17,"column":17},"end":{"line":21,"column":null}},"6":{"start":{"line":18,"column":8},"end":{"line":20,"column":11}},"7":{"start":{"line":19,"column":12},"end":{"line":19,"column":58}},"8":{"start":{"line":22,"column":0},"end":{"line":22,"column":null}},"9":{"start":{"line":24,"column":15},"end":{"line":24,"column":101}},"10":{"start":{"line":24,"column":60},"end":{"line":24,"column":101}},"11":{"start":{"line":24,"column":65},"end":{"line":24,"column":101}},"12":{"start":{"line":26,"column":0},"end":{"line":26,"column":18}}},"fnMap":{"0":{"name":"(anonymous_13)","decl":{"start":{"line":5,"column":0},"end":{"line":5,"column":null}},"loc":{"start":{"line":5,"column":0},"end":{"line":22,"column":null}}},"1":{"name":"Server","decl":{"start":{"line":9,"column":4},"end":{"line":9,"column":null}},"loc":{"start":{"line":11,"column":32},"end":{"line":15,"column":5}}},"2":{"name":"(anonymous_15)","decl":{"start":{"line":17,"column":4},"end":{"line":17,"column":17}},"loc":{"start":{"line":17,"column":4},"end":{"line":21,"column":null}}},"3":{"name":"(anonymous_18)","decl":{"start":{"line":18,"column":35},"end":{"line":18,"column":null}},"loc":{"start":{"line":18,"column":35},"end":{"line":20,"column":9}}},"4":{"name":"(anonymous_19)","decl":{"start":{"line":24,"column":15},"end":{"line":24,"column":22}},"loc":{"start":{"line":24,"column":60},"end":{"line":24,"column":101}}},"5":{"name":"(anonymous_20)","decl":{"start":{"line":24,"column":60},"end":{"line":24,"column":65}},"loc":{"start":{"line":24,"column":60},"end":{"line":24,"column":101}}}},"branchMap":{"0":{"loc":{"start":{"line":24,"column":65},"end":{"line":24,"column":101}},"type":"switch","locations":[{"start":{"line":24,"column":65},"end":{"line":24,"column":101}},{"start":{"line":24,"column":65},"end":{"line":24,"column":101}}]}},"s":{"0":0,"1":0,"2":0,"3":0,"4":0,"5":0,"6":0,"7":0,"8":0,"9":0,"10":0,"11":0,"12":0},"f":{"0":0,"1":0,"2":0,"3":0,"4":0,"5":0},"b":{"0":[0,0]}}
,"/Users/biuea/openapi/src/config/env.variable.ts": {"path":"/Users/biuea/openapi/src/config/env.variable.ts","statementMap":{"0":{"start":{"line":1,"column":21},"end":{"line":1,"column":25}},"1":{"start":{"line":10,"column":4},"end":{"line":10,"column":8}},"2":{"start":{"line":3,"column":27},"end":{"line":3,"column":38}},"3":{"start":{"line":11,"column":4},"end":{"line":11,"column":14}},"4":{"start":{"line":4,"column":27},"end":{"line":4,"column":33}},"5":{"start":{"line":12,"column":4},"end":{"line":12,"column":14}},"6":{"start":{"line":5,"column":27},"end":{"line":5,"column":31}},"7":{"start":{"line":13,"column":4},"end":{"line":13,"column":14}},"8":{"start":{"line":6,"column":31},"end":{"line":6,"column":39}},"9":{"start":{"line":15,"column":4},"end":{"line":15,"column":18}},"10":{"start":{"line":7,"column":31},"end":{"line":7,"column":41}},"11":{"start":{"line":14,"column":4},"end":{"line":14,"column":18}}},"fnMap":{},"branchMap":{},"s":{"0":4,"1":4,"2":4,"3":4,"4":4,"5":4,"6":4,"7":4,"8":4,"9":4,"10":4,"11":4},"f":{},"b":{}}
,"/Users/biuea/openapi/src/constants/result.code.ts": {"path":"/Users/biuea/openapi/src/constants/result.code.ts","statementMap":{"0":{"start":{"line":1,"column":26},"end":{"line":1,"column":29}},"1":{"start":{"line":38,"column":4},"end":{"line":38,"column":13}},"2":{"start":{"line":2,"column":25},"end":{"line":2,"column":28}},"3":{"start":{"line":39,"column":4},"end":{"line":39,"column":12}},"4":{"start":{"line":3,"column":25},"end":{"line":3,"column":28}},"5":{"start":{"line":40,"column":4},"end":{"line":40,"column":12}},"6":{"start":{"line":5,"column":19},"end":{"line":5,"column":22}},"7":{"start":{"line":41,"column":4},"end":{"line":41,"column":6}},"8":{"start":{"line":6,"column":24},"end":{"line":6,"column":27}},"9":{"start":{"line":42,"column":4},"end":{"line":42,"column":11}},"10":{"start":{"line":7,"column":28},"end":{"line":7,"column":31}},"11":{"start":{"line":43,"column":4},"end":{"line":43,"column":15}},"12":{"start":{"line":8,"column":38},"end":{"line":8,"column":41}},"13":{"start":{"line":44,"column":4},"end":{"line":44,"column":25}},"14":{"start":{"line":10,"column":35},"end":{"line":10,"column":39}},"15":{"start":{"line":45,"column":4},"end":{"line":45,"column":22}},"16":{"start":{"line":11,"column":45},"end":{"line":11,"column":49}},"17":{"start":{"line":46,"column":4},"end":{"line":46,"column":32}},"18":{"start":{"line":12,"column":36},"end":{"line":12,"column":40}},"19":{"start":{"line":47,"column":4},"end":{"line":47,"column":23}},"20":{"start":{"line":13,"column":40},"end":{"line":13,"column":44}},"21":{"start":{"line":48,"column":4},"end":{"line":48,"column":27}},"22":{"start":{"line":14,"column":40},"end":{"line":14,"column":44}},"23":{"start":{"line":49,"column":4},"end":{"line":49,"column":27}},"24":{"start":{"line":15,"column":45},"end":{"line":15,"column":49}},"25":{"start":{"line":50,"column":4},"end":{"line":50,"column":32}},"26":{"start":{"line":16,"column":45},"end":{"line":16,"column":49}},"27":{"start":{"line":51,"column":4},"end":{"line":51,"column":32}},"28":{"start":{"line":17,"column":34},"end":{"line":17,"column":38}},"29":{"start":{"line":52,"column":4},"end":{"line":52,"column":21}},"30":{"start":{"line":18,"column":44},"end":{"line":18,"column":48}},"31":{"start":{"line":53,"column":4},"end":{"line":53,"column":31}},"32":{"start":{"line":19,"column":44},"end":{"line":19,"column":48}},"33":{"start":{"line":54,"column":4},"end":{"line":54,"column":31}},"34":{"start":{"line":20,"column":33},"end":{"line":20,"column":37}},"35":{"start":{"line":55,"column":4},"end":{"line":55,"column":20}},"36":{"start":{"line":21,"column":44},"end":{"line":21,"column":48}},"37":{"start":{"line":56,"column":4},"end":{"line":56,"column":31}},"38":{"start":{"line":22,"column":44},"end":{"line":22,"column":48}},"39":{"start":{"line":57,"column":4},"end":{"line":57,"column":31}},"40":{"start":{"line":23,"column":33},"end":{"line":23,"column":37}},"41":{"start":{"line":58,"column":4},"end":{"line":58,"column":20}},"42":{"start":{"line":24,"column":30},"end":{"line":24,"column":34}},"43":{"start":{"line":59,"column":4},"end":{"line":59,"column":17}},"44":{"start":{"line":25,"column":40},"end":{"line":25,"column":44}},"45":{"start":{"line":60,"column":4},"end":{"line":60,"column":27}},"46":{"start":{"line":26,"column":37},"end":{"line":26,"column":41}},"47":{"start":{"line":61,"column":4},"end":{"line":61,"column":24}},"48":{"start":{"line":27,"column":28},"end":{"line":27,"column":32}},"49":{"start":{"line":62,"column":4},"end":{"line":62,"column":15}},"50":{"start":{"line":28,"column":32},"end":{"line":28,"column":36}},"51":{"start":{"line":63,"column":4},"end":{"line":63,"column":19}},"52":{"start":{"line":29,"column":30},"end":{"line":29,"column":34}},"53":{"start":{"line":64,"column":4},"end":{"line":64,"column":17}},"54":{"start":{"line":30,"column":34},"end":{"line":30,"column":38}},"55":{"start":{"line":65,"column":4},"end":{"line":65,"column":21}},"56":{"start":{"line":31,"column":34},"end":{"line":31,"column":38}},"57":{"start":{"line":66,"column":4},"end":{"line":66,"column":21}},"58":{"start":{"line":32,"column":38},"end":{"line":32,"column":42}},"59":{"start":{"line":67,"column":4},"end":{"line":67,"column":25}},"60":{"start":{"line":33,"column":35},"end":{"line":33,"column":39}},"61":{"start":{"line":68,"column":4},"end":{"line":68,"column":22}},"62":{"start":{"line":35,"column":31},"end":{"line":35,"column":35}},"63":{"start":{"line":69,"column":4},"end":{"line":69,"column":18}}},"fnMap":{},"branchMap":{},"s":{"0":4,"1":4,"2":4,"3":4,"4":4,"5":4,"6":4,"7":4,"8":4,"9":4,"10":4,"11":4,"12":4,"13":4,"14":4,"15":4,"16":4,"17":4,"18":4,"19":4,"20":4,"21":4,"22":4,"23":4,"24":4,"25":4,"26":4,"27":4,"28":4,"29":4,"30":4,"31":4,"32":4,"33":4,"34":4,"35":4,"36":4,"37":4,"38":4,"39":4,"40":4,"41":4,"42":4,"43":4,"44":4,"45":4,"46":4,"47":4,"48":4,"49":4,"50":4,"51":4,"52":4,"53":4,"54":4,"55":4,"56":4,"57":4,"58":4,"59":4,"60":4,"61":4,"62":4,"63":4},"f":{},"b":{}}
,"/Users/biuea/openapi/src/model/mysql.connection.ts": {"path":"/Users/biuea/openapi/src/model/mysql.connection.ts","statementMap":{"0":{"start":{"line":1,"column":0},"end":{"line":1,"column":27}},"1":{"start":{"line":2,"column":0},"end":{"line":2,"column":null}},"2":{"start":{"line":10,"column":13},"end":{"line":16,"column":2}},"3":{"start":{"line":18,"column":14},"end":{"line":18,"column":28}},"4":{"start":{"line":20,"column":9},"end":{"line":20,"column":14}}},"fnMap":{},"branchMap":{},"s":{"0":4,"1":4,"2":4,"3":4,"4":4},"f":{},"b":{}}
,"/Users/biuea/openapi/src/repository/api.repository.ts": {"path":"/Users/biuea/openapi/src/repository/api.repository.ts","statementMap":{"0":{"start":{"line":3,"column":0},"end":{"line":3,"column":527}},"1":{"start":{"line":7,"column":0},"end":{"line":7,"column":50}},"2":{"start":{"line":9,"column":0},"end":{"line":9,"column":null}},"3":{"start":{"line":10,"column":17},"end":{"line":51,"column":null}},"4":{"start":{"line":11,"column":43},"end":{"line":11,"column":null}},"5":{"start":{"line":11,"column":14},"end":{"line":11,"column":null}},"6":{"start":{"line":14,"column":18},"end":{"line":16,"column":49}},"7":{"start":{"line":18,"column":12},"end":{"line":18,"column":48}},"8":{"start":{"line":20,"column":41},"end":{"line":23,"column":null}},"9":{"start":{"line":20,"column":18},"end":{"line":20,"column":41}},"10":{"start":{"line":25,"column":12},"end":{"line":25,"column":38}},"11":{"start":{"line":27,"column":12},"end":{"line":33,"column":null}},"12":{"start":{"line":28,"column":16},"end":{"line":32,"column":18}},"13":{"start":{"line":35,"column":12},"end":{"line":39,"column":14}},"14":{"start":{"line":41,"column":12},"end":{"line":41,"column":40}},"15":{"start":{"line":43,"column":12},"end":{"line":47,"column":14}},"16":{"start":{"line":49,"column":12},"end":{"line":49,"column":33}},"17":{"start":{"line":53,"column":17},"end":{"line":106,"column":null}},"18":{"start":{"line":54,"column":43},"end":{"line":54,"column":null}},"19":{"start":{"line":54,"column":14},"end":{"line":54,"column":null}},"20":{"start":{"line":57,"column":18},"end":{"line":59,"column":50}},"21":{"start":{"line":61,"column":12},"end":{"line":61,"column":48}},"22":{"start":{"line":63,"column":41},"end":{"line":66,"column":null}},"23":{"start":{"line":63,"column":18},"end":{"line":63,"column":41}},"24":{"start":{"line":68,"column":15},"end":{"line":68,"column":16}},"25":{"start":{"line":69,"column":16},"end":{"line":69,"column":44}},"26":{"start":{"line":71,"column":16},"end":{"line":75,"column":18}},"27":{"start":{"line":78,"column":12},"end":{"line":78,"column":38}},"28":{"start":{"line":82,"column":15},"end":{"line":82,"column":21}},"29":{"start":{"line":83,"column":32},"end":{"line":83,"column":76}},"30":{"start":{"line":83,"column":25},"end":{"line":83,"column":85}},"31":{"start":{"line":83,"column":16},"end":{"line":83,"column":85}},"32":{"start":{"line":84,"column":22},"end":{"line":84,"column":28}},"33":{"start":{"line":85,"column":32},"end":{"line":85,"column":77}},"34":{"start":{"line":85,"column":25},"end":{"line":85,"column":86}},"35":{"start":{"line":85,"column":16},"end":{"line":85,"column":86}},"36":{"start":{"line":86,"column":22},"end":{"line":86,"column":28}},"37":{"start":{"line":87,"column":32},"end":{"line":87,"column":76}},"38":{"start":{"line":87,"column":25},"end":{"line":87,"column":85}},"39":{"start":{"line":87,"column":16},"end":{"line":87,"column":85}},"40":{"start":{"line":90,"column":12},"end":{"line":94,"column":14}},"41":{"start":{"line":96,"column":12},"end":{"line":96,"column":40}},"42":{"start":{"line":98,"column":12},"end":{"line":102,"column":14}},"43":{"start":{"line":104,"column":12},"end":{"line":104,"column":33}},"44":{"start":{"line":108,"column":17},"end":{"line":139,"column":null}},"45":{"start":{"line":109,"column":43},"end":{"line":109,"column":null}},"46":{"start":{"line":109,"column":14},"end":{"line":109,"column":null}},"47":{"start":{"line":112,"column":18},"end":{"line":114,"column":56}},"48":{"start":{"line":116,"column":12},"end":{"line":116,"column":48}},"49":{"start":{"line":118,"column":41},"end":{"line":121,"column":null}},"50":{"start":{"line":118,"column":18},"end":{"line":118,"column":41}},"51":{"start":{"line":123,"column":12},"end":{"line":123,"column":38}},"52":{"start":{"line":125,"column":12},"end":{"line":129,"column":14}},"53":{"start":{"line":131,"column":12},"end":{"line":135,"column":14}},"54":{"start":{"line":137,"column":12},"end":{"line":137,"column":33}},"55":{"start":{"line":141,"column":17},"end":{"line":184,"column":null}},"56":{"start":{"line":142,"column":43},"end":{"line":142,"column":null}},"57":{"start":{"line":142,"column":14},"end":{"line":142,"column":null}},"58":{"start":{"line":145,"column":18},"end":{"line":147,"column":56}},"59":{"start":{"line":149,"column":12},"end":{"line":149,"column":48}},"60":{"start":{"line":151,"column":41},"end":{"line":154,"column":null}},"61":{"start":{"line":151,"column":18},"end":{"line":151,"column":41}},"62":{"start":{"line":156,"column":15},"end":{"line":156,"column":16}},"63":{"start":{"line":157,"column":16},"end":{"line":157,"column":44}},"64":{"start":{"line":159,"column":16},"end":{"line":163,"column":18}},"65":{"start":{"line":166,"column":12},"end":{"line":166,"column":38}},"66":{"start":{"line":168,"column":12},"end":{"line":172,"column":14}},"67":{"start":{"line":174,"column":12},"end":{"line":174,"column":40}},"68":{"start":{"line":176,"column":12},"end":{"line":180,"column":14}},"69":{"start":{"line":182,"column":12},"end":{"line":182,"column":33}},"70":{"start":{"line":186,"column":17},"end":{"line":216,"column":null}},"71":{"start":{"line":187,"column":43},"end":{"line":187,"column":null}},"72":{"start":{"line":187,"column":14},"end":{"line":187,"column":null}},"73":{"start":{"line":190,"column":18},"end":{"line":192,"column":56}},"74":{"start":{"line":194,"column":12},"end":{"line":194,"column":48}},"75":{"start":{"line":196,"column":41},"end":{"line":196,"column":null}},"76":{"start":{"line":196,"column":18},"end":{"line":196,"column":41}},"77":{"start":{"line":198,"column":12},"end":{"line":198,"column":38}},"78":{"start":{"line":200,"column":12},"end":{"line":204,"column":14}},"79":{"start":{"line":206,"column":12},"end":{"line":206,"column":40}},"80":{"start":{"line":208,"column":12},"end":{"line":212,"column":14}},"81":{"start":{"line":214,"column":12},"end":{"line":214,"column":33}},"82":{"start":{"line":218,"column":17},"end":{"line":249,"column":null}},"83":{"start":{"line":219,"column":43},"end":{"line":219,"column":null}},"84":{"start":{"line":219,"column":14},"end":{"line":219,"column":null}},"85":{"start":{"line":222,"column":18},"end":{"line":224,"column":56}},"86":{"start":{"line":226,"column":12},"end":{"line":226,"column":48}},"87":{"start":{"line":228,"column":41},"end":{"line":231,"column":null}},"88":{"start":{"line":228,"column":18},"end":{"line":228,"column":41}},"89":{"start":{"line":233,"column":12},"end":{"line":233,"column":38}},"90":{"start":{"line":235,"column":12},"end":{"line":239,"column":14}},"91":{"start":{"line":241,"column":12},"end":{"line":245,"column":14}},"92":{"start":{"line":247,"column":12},"end":{"line":247,"column":33}},"93":{"start":{"line":251,"column":17},"end":{"line":294,"column":null}},"94":{"start":{"line":252,"column":43},"end":{"line":252,"column":null}},"95":{"start":{"line":252,"column":14},"end":{"line":252,"column":null}},"96":{"start":{"line":255,"column":18},"end":{"line":257,"column":56}},"97":{"start":{"line":259,"column":12},"end":{"line":259,"column":48}},"98":{"start":{"line":261,"column":41},"end":{"line":264,"column":null}},"99":{"start":{"line":261,"column":18},"end":{"line":261,"column":41}},"100":{"start":{"line":266,"column":15},"end":{"line":266,"column":16}},"101":{"start":{"line":267,"column":16},"end":{"line":267,"column":44}},"102":{"start":{"line":269,"column":16},"end":{"line":273,"column":18}},"103":{"start":{"line":276,"column":12},"end":{"line":276,"column":38}},"104":{"start":{"line":278,"column":12},"end":{"line":282,"column":14}},"105":{"start":{"line":284,"column":12},"end":{"line":284,"column":40}},"106":{"start":{"line":286,"column":12},"end":{"line":290,"column":14}},"107":{"start":{"line":292,"column":12},"end":{"line":292,"column":33}},"108":{"start":{"line":296,"column":17},"end":{"line":326,"column":null}},"109":{"start":{"line":297,"column":43},"end":{"line":297,"column":null}},"110":{"start":{"line":297,"column":14},"end":{"line":297,"column":null}},"111":{"start":{"line":300,"column":18},"end":{"line":302,"column":56}},"112":{"start":{"line":304,"column":12},"end":{"line":304,"column":48}},"113":{"start":{"line":306,"column":35},"end":{"line":306,"column":null}},"114":{"start":{"line":306,"column":19},"end":{"line":306,"column":35}},"115":{"start":{"line":308,"column":12},"end":{"line":308,"column":38}},"116":{"start":{"line":310,"column":12},"end":{"line":314,"column":14}},"117":{"start":{"line":316,"column":12},"end":{"line":316,"column":40}},"118":{"start":{"line":318,"column":12},"end":{"line":322,"column":14}},"119":{"start":{"line":324,"column":12},"end":{"line":324,"column":33}},"120":{"start":{"line":328,"column":17},"end":{"line":371,"column":null}},"121":{"start":{"line":329,"column":43},"end":{"line":329,"column":null}},"122":{"start":{"line":329,"column":14},"end":{"line":329,"column":null}},"123":{"start":{"line":332,"column":18},"end":{"line":334,"column":56}},"124":{"start":{"line":336,"column":12},"end":{"line":336,"column":48}},"125":{"start":{"line":338,"column":36},"end":{"line":341,"column":null}},"126":{"start":{"line":338,"column":19},"end":{"line":338,"column":36}},"127":{"start":{"line":343,"column":12},"end":{"line":343,"column":38}},"128":{"start":{"line":345,"column":44},"end":{"line":353,"column":null}},"129":{"start":{"line":345,"column":85},"end":{"line":353,"column":14}},"130":{"start":{"line":346,"column":52},"end":{"line":346,"column":100}},"131":{"start":{"line":346,"column":45},"end":{"line":346,"column":null}},"132":{"start":{"line":346,"column":20},"end":{"line":346,"column":null}},"133":{"start":{"line":347,"column":68},"end":{"line":347,"column":128}},"134":{"start":{"line":347,"column":61},"end":{"line":347,"column":null}},"135":{"start":{"line":347,"column":20},"end":{"line":347,"column":null}},"136":{"start":{"line":349,"column":16},"end":{"line":351,"column":null}},"137":{"start":{"line":345,"column":18},"end":{"line":353,"column":null}},"138":{"start":{"line":355,"column":12},"end":{"line":359,"column":14}},"139":{"start":{"line":361,"column":12},"end":{"line":361,"column":40}},"140":{"start":{"line":363,"column":12},"end":{"line":367,"column":14}},"141":{"start":{"line":369,"column":12},"end":{"line":369,"column":33}},"142":{"start":{"line":373,"column":17},"end":{"line":404,"column":null}},"143":{"start":{"line":374,"column":43},"end":{"line":374,"column":null}},"144":{"start":{"line":374,"column":14},"end":{"line":374,"column":null}},"145":{"start":{"line":377,"column":18},"end":{"line":379,"column":56}},"146":{"start":{"line":381,"column":12},"end":{"line":381,"column":48}},"147":{"start":{"line":383,"column":41},"end":{"line":386,"column":null}},"148":{"start":{"line":383,"column":18},"end":{"line":383,"column":41}},"149":{"start":{"line":388,"column":12},"end":{"line":388,"column":38}},"150":{"start":{"line":390,"column":12},"end":{"line":394,"column":14}},"151":{"start":{"line":396,"column":12},"end":{"line":400,"column":14}},"152":{"start":{"line":402,"column":12},"end":{"line":402,"column":33}},"153":{"start":{"line":406,"column":17},"end":{"line":449,"column":null}},"154":{"start":{"line":407,"column":43},"end":{"line":407,"column":null}},"155":{"start":{"line":407,"column":14},"end":{"line":407,"column":null}},"156":{"start":{"line":410,"column":18},"end":{"line":412,"column":50}},"157":{"start":{"line":414,"column":12},"end":{"line":414,"column":48}},"158":{"start":{"line":416,"column":41},"end":{"line":419,"column":null}},"159":{"start":{"line":416,"column":18},"end":{"line":416,"column":41}},"160":{"start":{"line":421,"column":15},"end":{"line":421,"column":16}},"161":{"start":{"line":422,"column":16},"end":{"line":422,"column":44}},"162":{"start":{"line":424,"column":16},"end":{"line":428,"column":18}},"163":{"start":{"line":431,"column":12},"end":{"line":431,"column":38}},"164":{"start":{"line":433,"column":12},"end":{"line":437,"column":14}},"165":{"start":{"line":439,"column":12},"end":{"line":439,"column":40}},"166":{"start":{"line":441,"column":12},"end":{"line":445,"column":14}},"167":{"start":{"line":447,"column":12},"end":{"line":447,"column":33}},"168":{"start":{"line":451,"column":17},"end":{"line":484,"column":null}},"169":{"start":{"line":452,"column":43},"end":{"line":452,"column":null}},"170":{"start":{"line":452,"column":14},"end":{"line":452,"column":null}},"171":{"start":{"line":455,"column":18},"end":{"line":457,"column":56}},"172":{"start":{"line":459,"column":12},"end":{"line":459,"column":48}},"173":{"start":{"line":461,"column":35},"end":{"line":464,"column":null}},"174":{"start":{"line":461,"column":19},"end":{"line":461,"column":35}},"175":{"start":{"line":466,"column":12},"end":{"line":466,"column":38}},"176":{"start":{"line":468,"column":12},"end":{"line":472,"column":14}},"177":{"start":{"line":474,"column":12},"end":{"line":474,"column":40}},"178":{"start":{"line":476,"column":12},"end":{"line":480,"column":14}},"179":{"start":{"line":482,"column":12},"end":{"line":482,"column":33}},"180":{"start":{"line":486,"column":17},"end":{"line":636,"column":null}},"181":{"start":{"line":487,"column":43},"end":{"line":487,"column":null}},"182":{"start":{"line":487,"column":14},"end":{"line":487,"column":null}},"183":{"start":{"line":490,"column":15},"end":{"line":490,"column":24}},"184":{"start":{"line":491,"column":22},"end":{"line":492,"column":53}},"185":{"start":{"line":494,"column":16},"end":{"line":494,"column":52}},"186":{"start":{"line":496,"column":45},"end":{"line":496,"column":null}},"187":{"start":{"line":496,"column":22},"end":{"line":496,"column":45}},"188":{"start":{"line":498,"column":16},"end":{"line":498,"column":42}},"189":{"start":{"line":500,"column":41},"end":{"line":527,"column":null}},"190":{"start":{"line":500,"column":83},"end":{"line":527,"column":18}},"191":{"start":{"line":501,"column":26},"end":{"line":501,"column":65}},"192":{"start":{"line":506,"column":23},"end":{"line":506,"column":29}},"193":{"start":{"line":507,"column":42},"end":{"line":507,"column":75}},"194":{"start":{"line":507,"column":35},"end":{"line":507,"column":84}},"195":{"start":{"line":507,"column":24},"end":{"line":507,"column":84}},"196":{"start":{"line":508,"column":42},"end":{"line":508,"column":87}},"197":{"start":{"line":508,"column":35},"end":{"line":508,"column":96}},"198":{"start":{"line":508,"column":24},"end":{"line":508,"column":96}},"199":{"start":{"line":509,"column":39},"end":{"line":509,"column":81}},"200":{"start":{"line":509,"column":32},"end":{"line":509,"column":90}},"201":{"start":{"line":509,"column":24},"end":{"line":509,"column":90}},"202":{"start":{"line":512,"column":23},"end":{"line":512,"column":29}},"203":{"start":{"line":513,"column":42},"end":{"line":513,"column":76}},"204":{"start":{"line":513,"column":35},"end":{"line":513,"column":85}},"205":{"start":{"line":513,"column":24},"end":{"line":513,"column":85}},"206":{"start":{"line":514,"column":42},"end":{"line":514,"column":88}},"207":{"start":{"line":514,"column":35},"end":{"line":514,"column":97}},"208":{"start":{"line":514,"column":24},"end":{"line":514,"column":97}},"209":{"start":{"line":517,"column":23},"end":{"line":517,"column":29}},"210":{"start":{"line":518,"column":42},"end":{"line":518,"column":75}},"211":{"start":{"line":518,"column":35},"end":{"line":518,"column":84}},"212":{"start":{"line":518,"column":24},"end":{"line":518,"column":84}},"213":{"start":{"line":519,"column":42},"end":{"line":519,"column":87}},"214":{"start":{"line":519,"column":35},"end":{"line":519,"column":96}},"215":{"start":{"line":519,"column":24},"end":{"line":519,"column":96}},"216":{"start":{"line":522,"column":20},"end":{"line":525,"column":null}},"217":{"start":{"line":500,"column":22},"end":{"line":527,"column":null}},"218":{"start":{"line":529,"column":16},"end":{"line":533,"column":18}},"219":{"start":{"line":534,"column":22},"end":{"line":534,"column":31}},"220":{"start":{"line":535,"column":22},"end":{"line":537,"column":53}},"221":{"start":{"line":539,"column":16},"end":{"line":539,"column":52}},"222":{"start":{"line":541,"column":45},"end":{"line":541,"column":null}},"223":{"start":{"line":541,"column":22},"end":{"line":541,"column":45}},"224":{"start":{"line":543,"column":16},"end":{"line":543,"column":42}},"225":{"start":{"line":545,"column":41},"end":{"line":555,"column":null}},"226":{"start":{"line":545,"column":83},"end":{"line":555,"column":18}},"227":{"start":{"line":546,"column":58},"end":{"line":546,"column":116}},"228":{"start":{"line":546,"column":51},"end":{"line":546,"column":null}},"229":{"start":{"line":546,"column":26},"end":{"line":546,"column":null}},"230":{"start":{"line":547,"column":59},"end":{"line":547,"column":114}},"231":{"start":{"line":547,"column":52},"end":{"line":547,"column":null}},"232":{"start":{"line":547,"column":26},"end":{"line":547,"column":null}},"233":{"start":{"line":548,"column":26},"end":{"line":552,"column":22}},"234":{"start":{"line":554,"column":20},"end":{"line":554,"column":36}},"235":{"start":{"line":545,"column":22},"end":{"line":555,"column":null}},"236":{"start":{"line":557,"column":16},"end":{"line":561,"column":18}},"237":{"start":{"line":562,"column":22},"end":{"line":562,"column":31}},"238":{"start":{"line":563,"column":22},"end":{"line":565,"column":53}},"239":{"start":{"line":567,"column":16},"end":{"line":567,"column":52}},"240":{"start":{"line":569,"column":45},"end":{"line":572,"column":null}},"241":{"start":{"line":569,"column":22},"end":{"line":569,"column":45}},"242":{"start":{"line":574,"column":16},"end":{"line":574,"column":42}},"243":{"start":{"line":576,"column":41},"end":{"line":585,"column":null}},"244":{"start":{"line":576,"column":83},"end":{"line":585,"column":18}},"245":{"start":{"line":577,"column":51},"end":{"line":577,"column":110}},"246":{"start":{"line":577,"column":44},"end":{"line":577,"column":null}},"247":{"start":{"line":577,"column":26},"end":{"line":577,"column":null}},"248":{"start":{"line":579,"column":26},"end":{"line":582,"column":22}},"249":{"start":{"line":584,"column":20},"end":{"line":584,"column":36}},"250":{"start":{"line":576,"column":22},"end":{"line":585,"column":null}},"251":{"start":{"line":587,"column":16},"end":{"line":591,"column":18}},"252":{"start":{"line":592,"column":22},"end":{"line":592,"column":31}},"253":{"start":{"line":593,"column":22},"end":{"line":595,"column":53}},"254":{"start":{"line":597,"column":16},"end":{"line":597,"column":52}},"255":{"start":{"line":599,"column":45},"end":{"line":599,"column":null}},"256":{"start":{"line":599,"column":22},"end":{"line":599,"column":45}},"257":{"start":{"line":601,"column":16},"end":{"line":601,"column":42}},"258":{"start":{"line":603,"column":41},"end":{"line":611,"column":null}},"259":{"start":{"line":603,"column":83},"end":{"line":611,"column":18}},"260":{"start":{"line":604,"column":50},"end":{"line":604,"column":108}},"261":{"start":{"line":604,"column":43},"end":{"line":604,"column":null}},"262":{"start":{"line":604,"column":26},"end":{"line":604,"column":null}},"263":{"start":{"line":605,"column":26},"end":{"line":608,"column":22}},"264":{"start":{"line":610,"column":20},"end":{"line":610,"column":36}},"265":{"start":{"line":603,"column":22},"end":{"line":611,"column":null}},"266":{"start":{"line":613,"column":16},"end":{"line":617,"column":18}},"267":{"start":{"line":620,"column":12},"end":{"line":624,"column":14}},"268":{"start":{"line":626,"column":12},"end":{"line":626,"column":40}},"269":{"start":{"line":628,"column":12},"end":{"line":632,"column":14}},"270":{"start":{"line":634,"column":12},"end":{"line":634,"column":33}},"271":{"start":{"line":638,"column":17},"end":{"line":676,"column":null}},"272":{"start":{"line":639,"column":43},"end":{"line":639,"column":null}},"273":{"start":{"line":639,"column":14},"end":{"line":639,"column":null}},"274":{"start":{"line":642,"column":18},"end":{"line":644,"column":56}},"275":{"start":{"line":646,"column":12},"end":{"line":646,"column":48}},"276":{"start":{"line":648,"column":41},"end":{"line":648,"column":null}},"277":{"start":{"line":648,"column":18},"end":{"line":648,"column":41}},"278":{"start":{"line":650,"column":12},"end":{"line":650,"column":38}},"279":{"start":{"line":652,"column":12},"end":{"line":658,"column":null}},"280":{"start":{"line":653,"column":16},"end":{"line":657,"column":18}},"281":{"start":{"line":660,"column":12},"end":{"line":664,"column":14}},"282":{"start":{"line":666,"column":12},"end":{"line":666,"column":40}},"283":{"start":{"line":668,"column":12},"end":{"line":672,"column":14}},"284":{"start":{"line":674,"column":12},"end":{"line":674,"column":33}},"285":{"start":{"line":678,"column":17},"end":{"line":719,"column":null}},"286":{"start":{"line":679,"column":43},"end":{"line":679,"column":null}},"287":{"start":{"line":679,"column":14},"end":{"line":679,"column":null}},"288":{"start":{"line":682,"column":18},"end":{"line":684,"column":57}},"289":{"start":{"line":686,"column":12},"end":{"line":686,"column":48}},"290":{"start":{"line":688,"column":41},"end":{"line":691,"column":null}},"291":{"start":{"line":688,"column":18},"end":{"line":688,"column":41}},"292":{"start":{"line":693,"column":12},"end":{"line":693,"column":38}},"293":{"start":{"line":695,"column":12},"end":{"line":701,"column":null}},"294":{"start":{"line":696,"column":16},"end":{"line":700,"column":18}},"295":{"start":{"line":703,"column":12},"end":{"line":707,"column":14}},"296":{"start":{"line":709,"column":12},"end":{"line":709,"column":40}},"297":{"start":{"line":711,"column":12},"end":{"line":715,"column":14}},"298":{"start":{"line":717,"column":12},"end":{"line":717,"column":33}},"299":{"start":{"line":721,"column":17},"end":{"line":751,"column":null}},"300":{"start":{"line":722,"column":43},"end":{"line":722,"column":null}},"301":{"start":{"line":722,"column":14},"end":{"line":722,"column":null}},"302":{"start":{"line":725,"column":18},"end":{"line":727,"column":48}},"303":{"start":{"line":729,"column":12},"end":{"line":729,"column":48}},"304":{"start":{"line":731,"column":41},"end":{"line":731,"column":null}},"305":{"start":{"line":731,"column":18},"end":{"line":731,"column":41}},"306":{"start":{"line":733,"column":12},"end":{"line":733,"column":38}},"307":{"start":{"line":735,"column":12},"end":{"line":739,"column":14}},"308":{"start":{"line":741,"column":12},"end":{"line":741,"column":40}},"309":{"start":{"line":743,"column":12},"end":{"line":747,"column":14}},"310":{"start":{"line":749,"column":12},"end":{"line":749,"column":33}},"311":{"start":{"line":753,"column":17},"end":{"line":859,"column":null}},"312":{"start":{"line":754,"column":43},"end":{"line":754,"column":null}},"313":{"start":{"line":754,"column":14},"end":{"line":754,"column":null}},"314":{"start":{"line":757,"column":18},"end":{"line":759,"column":56}},"315":{"start":{"line":761,"column":12},"end":{"line":761,"column":48}},"316":{"start":{"line":763,"column":41},"end":{"line":763,"column":null}},"317":{"start":{"line":763,"column":18},"end":{"line":763,"column":41}},"318":{"start":{"line":765,"column":12},"end":{"line":765,"column":38}},"319":{"start":{"line":767,"column":12},"end":{"line":773,"column":null}},"320":{"start":{"line":768,"column":16},"end":{"line":772,"column":18}},"321":{"start":{"line":775,"column":18},"end":{"line":841,"column":15}},"322":{"start":{"line":775,"column":61},"end":{"line":841,"column":14}},"323":{"start":{"line":776,"column":22},"end":{"line":776,"column":61}},"324":{"start":{"line":778,"column":19},"end":{"line":778,"column":25}},"325":{"start":{"line":779,"column":24},"end":{"line":781,"column":67}},"326":{"start":{"line":783,"column":20},"end":{"line":783,"column":56}},"327":{"start":{"line":785,"column":46},"end":{"line":785,"column":null}},"328":{"start":{"line":785,"column":27},"end":{"line":785,"column":46}},"329":{"start":{"line":787,"column":20},"end":{"line":787,"column":46}},"330":{"start":{"line":789,"column":20},"end":{"line":791,"column":55}},"331":{"start":{"line":793,"column":20},"end":{"line":793,"column":56}},"332":{"start":{"line":795,"column":46},"end":{"line":795,"column":null}},"333":{"start":{"line":795,"column":27},"end":{"line":795,"column":46}},"334":{"start":{"line":797,"column":20},"end":{"line":797,"column":46}},"335":{"start":{"line":799,"column":26},"end":{"line":803,"column":22}},"336":{"start":{"line":805,"column":20},"end":{"line":805,"column":36}},"337":{"start":{"line":806,"column":26},"end":{"line":806,"column":32}},"338":{"start":{"line":807,"column":26},"end":{"line":809,"column":69}},"339":{"start":{"line":811,"column":20},"end":{"line":811,"column":56}},"340":{"start":{"line":813,"column":42},"end":{"line":813,"column":null}},"341":{"start":{"line":813,"column":27},"end":{"line":813,"column":42}},"342":{"start":{"line":815,"column":20},"end":{"line":815,"column":46}},"343":{"start":{"line":817,"column":26},"end":{"line":820,"column":22}},"344":{"start":{"line":822,"column":20},"end":{"line":822,"column":36}},"345":{"start":{"line":823,"column":26},"end":{"line":823,"column":32}},"346":{"start":{"line":824,"column":26},"end":{"line":826,"column":69}},"347":{"start":{"line":828,"column":20},"end":{"line":828,"column":56}},"348":{"start":{"line":830,"column":42},"end":{"line":830,"column":null}},"349":{"start":{"line":830,"column":27},"end":{"line":830,"column":42}},"350":{"start":{"line":832,"column":20},"end":{"line":832,"column":46}},"351":{"start":{"line":834,"column":26},"end":{"line":837,"column":22}},"352":{"start":{"line":839,"column":20},"end":{"line":839,"column":36}},"353":{"start":{"line":843,"column":12},"end":{"line":847,"column":14}},"354":{"start":{"line":849,"column":12},"end":{"line":849,"column":40}},"355":{"start":{"line":851,"column":12},"end":{"line":855,"column":14}},"356":{"start":{"line":857,"column":12},"end":{"line":857,"column":33}},"357":{"start":{"line":860,"column":0},"end":{"line":860,"column":null}},"358":{"start":{"line":862,"column":9},"end":{"line":862,"column":22}}},"fnMap":{"0":{"name":"(anonymous_15)","decl":{"start":{"line":9,"column":0},"end":{"line":9,"column":null}},"loc":{"start":{"line":9,"column":0},"end":{"line":860,"column":null}}},"1":{"name":"(anonymous_17)","decl":{"start":{"line":10,"column":4},"end":{"line":10,"column":17}},"loc":{"start":{"line":10,"column":43},"end":{"line":51,"column":null}}},"2":{"name":"(anonymous_20)","decl":{"start":{"line":53,"column":4},"end":{"line":53,"column":17}},"loc":{"start":{"line":53,"column":43},"end":{"line":106,"column":null}}},"3":{"name":"(anonymous_23)","decl":{"start":{"line":108,"column":4},"end":{"line":108,"column":17}},"loc":{"start":{"line":108,"column":44},"end":{"line":139,"column":null}}},"4":{"name":"(anonymous_26)","decl":{"start":{"line":141,"column":4},"end":{"line":141,"column":17}},"loc":{"start":{"line":141,"column":51},"end":{"line":184,"column":null}}},"5":{"name":"(anonymous_29)","decl":{"start":{"line":186,"column":4},"end":{"line":186,"column":17}},"loc":{"start":{"line":186,"column":56},"end":{"line":216,"column":null}}},"6":{"name":"(anonymous_32)","decl":{"start":{"line":218,"column":4},"end":{"line":218,"column":17}},"loc":{"start":{"line":218,"column":43},"end":{"line":249,"column":null}}},"7":{"name":"(anonymous_35)","decl":{"start":{"line":251,"column":4},"end":{"line":251,"column":17}},"loc":{"start":{"line":251,"column":50},"end":{"line":294,"column":null}}},"8":{"name":"(anonymous_38)","decl":{"start":{"line":296,"column":4},"end":{"line":296,"column":17}},"loc":{"start":{"line":296,"column":60},"end":{"line":326,"column":null}}},"9":{"name":"(anonymous_41)","decl":{"start":{"line":328,"column":4},"end":{"line":328,"column":17}},"loc":{"start":{"line":328,"column":51},"end":{"line":371,"column":null}}},"10":{"name":"(anonymous_44)","decl":{"start":{"line":345,"column":75},"end":{"line":345,"column":81}},"loc":{"start":{"line":345,"column":85},"end":{"line":353,"column":14}}},"11":{"name":"(anonymous_45)","decl":{"start":{"line":345,"column":85},"end":{"line":345,"column":null}},"loc":{"start":{"line":345,"column":85},"end":{"line":353,"column":14}}},"12":{"name":"(anonymous_47)","decl":{"start":{"line":373,"column":4},"end":{"line":373,"column":17}},"loc":{"start":{"line":373,"column":43},"end":{"line":404,"column":null}}},"13":{"name":"(anonymous_50)","decl":{"start":{"line":406,"column":4},"end":{"line":406,"column":17}},"loc":{"start":{"line":406,"column":50},"end":{"line":449,"column":null}}},"14":{"name":"(anonymous_53)","decl":{"start":{"line":451,"column":4},"end":{"line":451,"column":17}},"loc":{"start":{"line":451,"column":60},"end":{"line":484,"column":null}}},"15":{"name":"(anonymous_56)","decl":{"start":{"line":486,"column":4},"end":{"line":486,"column":17}},"loc":{"start":{"line":486,"column":44},"end":{"line":636,"column":null}}},"16":{"name":"(anonymous_59)","decl":{"start":{"line":500,"column":71},"end":{"line":500,"column":77}},"loc":{"start":{"line":500,"column":83},"end":{"line":527,"column":18}}},"17":{"name":"(anonymous_60)","decl":{"start":{"line":500,"column":83},"end":{"line":500,"column":null}},"loc":{"start":{"line":500,"column":83},"end":{"line":527,"column":18}}},"18":{"name":"(anonymous_62)","decl":{"start":{"line":545,"column":71},"end":{"line":545,"column":77}},"loc":{"start":{"line":545,"column":83},"end":{"line":555,"column":18}}},"19":{"name":"(anonymous_63)","decl":{"start":{"line":545,"column":83},"end":{"line":545,"column":null}},"loc":{"start":{"line":545,"column":83},"end":{"line":555,"column":18}}},"20":{"name":"(anonymous_65)","decl":{"start":{"line":576,"column":71},"end":{"line":576,"column":77}},"loc":{"start":{"line":576,"column":83},"end":{"line":585,"column":18}}},"21":{"name":"(anonymous_66)","decl":{"start":{"line":576,"column":83},"end":{"line":576,"column":null}},"loc":{"start":{"line":576,"column":83},"end":{"line":585,"column":18}}},"22":{"name":"(anonymous_68)","decl":{"start":{"line":603,"column":71},"end":{"line":603,"column":77}},"loc":{"start":{"line":603,"column":83},"end":{"line":611,"column":18}}},"23":{"name":"(anonymous_69)","decl":{"start":{"line":603,"column":83},"end":{"line":603,"column":null}},"loc":{"start":{"line":603,"column":83},"end":{"line":611,"column":18}}},"24":{"name":"(anonymous_71)","decl":{"start":{"line":638,"column":4},"end":{"line":638,"column":17}},"loc":{"start":{"line":638,"column":34},"end":{"line":676,"column":null}}},"25":{"name":"(anonymous_74)","decl":{"start":{"line":678,"column":4},"end":{"line":678,"column":17}},"loc":{"start":{"line":678,"column":40},"end":{"line":719,"column":null}}},"26":{"name":"(anonymous_77)","decl":{"start":{"line":721,"column":4},"end":{"line":721,"column":17}},"loc":{"start":{"line":721,"column":47},"end":{"line":751,"column":null}}},"27":{"name":"(anonymous_80)","decl":{"start":{"line":753,"column":4},"end":{"line":753,"column":17}},"loc":{"start":{"line":753,"column":40},"end":{"line":859,"column":null}}},"28":{"name":"(anonymous_83)","decl":{"start":{"line":775,"column":49},"end":{"line":775,"column":55}},"loc":{"start":{"line":775,"column":61},"end":{"line":841,"column":14}}},"29":{"name":"(anonymous_84)","decl":{"start":{"line":775,"column":61},"end":{"line":775,"column":null}},"loc":{"start":{"line":775,"column":61},"end":{"line":841,"column":14}}}},"branchMap":{"0":{"loc":{"start":{"line":11,"column":43},"end":{"line":11,"column":null}},"type":"switch","locations":[{"start":{"line":11,"column":43},"end":{"line":11,"column":null}}]},"1":{"loc":{"start":{"line":27,"column":12},"end":{"line":33,"column":null}},"type":"if","locations":[{"start":{"line":27,"column":12},"end":{"line":33,"column":null}}]},"2":{"loc":{"start":{"line":54,"column":43},"end":{"line":54,"column":null}},"type":"switch","locations":[{"start":{"line":54,"column":43},"end":{"line":54,"column":null}},{"start":{"line":78,"column":12},"end":{"line":78,"column":38}},{"start":{"line":83,"column":25},"end":{"line":83,"column":85}},{"start":{"line":85,"column":25},"end":{"line":85,"column":86}},{"start":{"line":87,"column":25},"end":{"line":87,"column":85}},{"start":{"line":90,"column":12},"end":{"line":94,"column":14}}]},"3":{"loc":{"start":{"line":68,"column":15},"end":{"line":68,"column":16}},"type":"if","locations":[{"start":{"line":68,"column":15},"end":{"line":68,"column":16}}]},"4":{"loc":{"start":{"line":82,"column":15},"end":{"line":82,"column":21}},"type":"if","locations":[{"start":{"line":82,"column":15},"end":{"line":82,"column":21}}]},"5":{"loc":{"start":{"line":84,"column":22},"end":{"line":84,"column":28}},"type":"if","locations":[{"start":{"line":84,"column":22},"end":{"line":84,"column":28}}]},"6":{"loc":{"start":{"line":86,"column":22},"end":{"line":86,"column":28}},"type":"if","locations":[{"start":{"line":86,"column":22},"end":{"line":86,"column":28}}]},"7":{"loc":{"start":{"line":109,"column":43},"end":{"line":109,"column":null}},"type":"switch","locations":[{"start":{"line":109,"column":43},"end":{"line":109,"column":null}}]},"8":{"loc":{"start":{"line":142,"column":43},"end":{"line":142,"column":null}},"type":"switch","locations":[{"start":{"line":142,"column":43},"end":{"line":142,"column":null}},{"start":{"line":166,"column":12},"end":{"line":166,"column":38}}]},"9":{"loc":{"start":{"line":156,"column":15},"end":{"line":156,"column":16}},"type":"if","locations":[{"start":{"line":156,"column":15},"end":{"line":156,"column":16}}]},"10":{"loc":{"start":{"line":187,"column":43},"end":{"line":187,"column":null}},"type":"switch","locations":[{"start":{"line":187,"column":43},"end":{"line":187,"column":null}}]},"11":{"loc":{"start":{"line":219,"column":43},"end":{"line":219,"column":null}},"type":"switch","locations":[{"start":{"line":219,"column":43},"end":{"line":219,"column":null}}]},"12":{"loc":{"start":{"line":252,"column":43},"end":{"line":252,"column":null}},"type":"switch","locations":[{"start":{"line":252,"column":43},"end":{"line":252,"column":null}},{"start":{"line":276,"column":12},"end":{"line":276,"column":38}}]},"13":{"loc":{"start":{"line":266,"column":15},"end":{"line":266,"column":16}},"type":"if","locations":[{"start":{"line":266,"column":15},"end":{"line":266,"column":16}}]},"14":{"loc":{"start":{"line":297,"column":43},"end":{"line":297,"column":null}},"type":"switch","locations":[{"start":{"line":297,"column":43},"end":{"line":297,"column":null}}]},"15":{"loc":{"start":{"line":329,"column":43},"end":{"line":329,"column":null}},"type":"switch","locations":[{"start":{"line":329,"column":43},"end":{"line":329,"column":null}}]},"16":{"loc":{"start":{"line":346,"column":52},"end":{"line":346,"column":100}},"type":"switch","locations":[{"start":{"line":346,"column":52},"end":{"line":346,"column":100}},{"start":{"line":346,"column":45},"end":{"line":346,"column":null}},{"start":{"line":347,"column":61},"end":{"line":347,"column":null}}]},"17":{"loc":{"start":{"line":374,"column":43},"end":{"line":374,"column":null}},"type":"switch","locations":[{"start":{"line":374,"column":43},"end":{"line":374,"column":null}}]},"18":{"loc":{"start":{"line":407,"column":43},"end":{"line":407,"column":null}},"type":"switch","locations":[{"start":{"line":407,"column":43},"end":{"line":407,"column":null}},{"start":{"line":431,"column":12},"end":{"line":431,"column":38}}]},"19":{"loc":{"start":{"line":421,"column":15},"end":{"line":421,"column":16}},"type":"if","locations":[{"start":{"line":421,"column":15},"end":{"line":421,"column":16}}]},"20":{"loc":{"start":{"line":452,"column":43},"end":{"line":452,"column":null}},"type":"switch","locations":[{"start":{"line":452,"column":43},"end":{"line":452,"column":null}}]},"21":{"loc":{"start":{"line":487,"column":43},"end":{"line":487,"column":null}},"type":"switch","locations":[{"start":{"line":487,"column":43},"end":{"line":487,"column":null}},{"start":{"line":620,"column":12},"end":{"line":624,"column":14}}]},"22":{"loc":{"start":{"line":490,"column":15},"end":{"line":490,"column":24}},"type":"if","locations":[{"start":{"line":490,"column":15},"end":{"line":490,"column":24}}]},"23":{"loc":{"start":{"line":490,"column":15},"end":{"line":490,"column":60}},"type":"binary-expr","locations":[{"start":{"line":490,"column":15},"end":{"line":490,"column":33}},{"start":{"line":490,"column":37},"end":{"line":490,"column":60}}]},"24":{"loc":{"start":{"line":507,"column":35},"end":{"line":507,"column":84}},"type":"switch","locations":[{"start":{"line":507,"column":35},"end":{"line":507,"column":84}},{"start":{"line":508,"column":35},"end":{"line":508,"column":96}},{"start":{"line":509,"column":32},"end":{"line":509,"column":90}},{"start":{"line":513,"column":35},"end":{"line":513,"column":85}},{"start":{"line":514,"column":35},"end":{"line":514,"column":97}},{"start":{"line":518,"column":35},"end":{"line":518,"column":84}},{"start":{"line":519,"column":35},"end":{"line":519,"column":96}},{"start":{"line":522,"column":20},"end":{"line":525,"column":null}}]},"25":{"loc":{"start":{"line":506,"column":23},"end":{"line":506,"column":29}},"type":"if","locations":[{"start":{"line":506,"column":23},"end":{"line":506,"column":29}}]},"26":{"loc":{"start":{"line":512,"column":23},"end":{"line":512,"column":29}},"type":"if","locations":[{"start":{"line":512,"column":23},"end":{"line":512,"column":29}}]},"27":{"loc":{"start":{"line":517,"column":23},"end":{"line":517,"column":29}},"type":"if","locations":[{"start":{"line":517,"column":23},"end":{"line":517,"column":29}}]},"28":{"loc":{"start":{"line":534,"column":22},"end":{"line":534,"column":31}},"type":"if","locations":[{"start":{"line":534,"column":22},"end":{"line":534,"column":31}}]},"29":{"loc":{"start":{"line":546,"column":58},"end":{"line":546,"column":116}},"type":"switch","locations":[{"start":{"line":546,"column":58},"end":{"line":546,"column":116}},{"start":{"line":546,"column":51},"end":{"line":546,"column":null}},{"start":{"line":547,"column":52},"end":{"line":547,"column":null}}]},"30":{"loc":{"start":{"line":562,"column":22},"end":{"line":562,"column":31}},"type":"if","locations":[{"start":{"line":562,"column":22},"end":{"line":562,"column":31}}]},"31":{"loc":{"start":{"line":577,"column":51},"end":{"line":577,"column":110}},"type":"switch","locations":[{"start":{"line":577,"column":51},"end":{"line":577,"column":110}},{"start":{"line":577,"column":44},"end":{"line":577,"column":null}}]},"32":{"loc":{"start":{"line":592,"column":22},"end":{"line":592,"column":31}},"type":"if","locations":[{"start":{"line":592,"column":22},"end":{"line":592,"column":31}}]},"33":{"loc":{"start":{"line":604,"column":50},"end":{"line":604,"column":108}},"type":"switch","locations":[{"start":{"line":604,"column":50},"end":{"line":604,"column":108}},{"start":{"line":604,"column":43},"end":{"line":604,"column":null}}]},"34":{"loc":{"start":{"line":639,"column":43},"end":{"line":639,"column":null}},"type":"switch","locations":[{"start":{"line":639,"column":43},"end":{"line":639,"column":null}}]},"35":{"loc":{"start":{"line":652,"column":12},"end":{"line":658,"column":null}},"type":"if","locations":[{"start":{"line":652,"column":12},"end":{"line":658,"column":null}}]},"36":{"loc":{"start":{"line":679,"column":43},"end":{"line":679,"column":null}},"type":"switch","locations":[{"start":{"line":679,"column":43},"end":{"line":679,"column":null}}]},"37":{"loc":{"start":{"line":695,"column":12},"end":{"line":701,"column":null}},"type":"if","locations":[{"start":{"line":695,"column":12},"end":{"line":701,"column":null}}]},"38":{"loc":{"start":{"line":722,"column":43},"end":{"line":722,"column":null}},"type":"switch","locations":[{"start":{"line":722,"column":43},"end":{"line":722,"column":null}}]},"39":{"loc":{"start":{"line":754,"column":43},"end":{"line":754,"column":null}},"type":"switch","locations":[{"start":{"line":754,"column":43},"end":{"line":754,"column":null}}]},"40":{"loc":{"start":{"line":767,"column":12},"end":{"line":773,"column":null}},"type":"if","locations":[{"start":{"line":767,"column":12},"end":{"line":773,"column":null}}]},"41":{"loc":{"start":{"line":778,"column":19},"end":{"line":778,"column":25}},"type":"if","locations":[{"start":{"line":778,"column":19},"end":{"line":778,"column":25}}]},"42":{"loc":{"start":{"line":806,"column":26},"end":{"line":806,"column":32}},"type":"if","locations":[{"start":{"line":806,"column":26},"end":{"line":806,"column":32}}]},"43":{"loc":{"start":{"line":823,"column":26},"end":{"line":823,"column":32}},"type":"if","locations":[{"start":{"line":823,"column":26},"end":{"line":823,"column":32}}]}},"s":{"0":4,"1":4,"2":4,"3":4,"4":12,"5":12,"6":12,"7":24,"8":12,"9":12,"10":24,"11":12,"12":2,"13":10,"14":0,"15":0,"16":12,"17":4,"18":13,"19":13,"20":13,"21":26,"22":13,"23":13,"24":26,"25":0,"26":0,"27":26,"28":23,"29":3,"30":3,"31":3,"32":17,"33":3,"34":3,"35":3,"36":7,"37":7,"38":7,"39":7,"40":13,"41":0,"42":0,"43":13,"44":4,"45":312,"46":312,"47":312,"48":624,"49":312,"50":312,"51":624,"52":312,"53":0,"54":312,"55":4,"56":2,"57":2,"58":2,"59":4,"60":2,"61":2,"62":4,"63":0,"64":0,"65":4,"66":2,"67":0,"68":0,"69":2,"70":4,"71":463,"72":463,"73":463,"74":926,"75":463,"76":463,"77":926,"78":463,"79":0,"80":0,"81":463,"82":4,"83":211,"84":211,"85":211,"86":422,"87":211,"88":211,"89":422,"90":211,"91":0,"92":211,"93":4,"94":2,"95":2,"96":2,"97":4,"98":2,"99":2,"100":4,"101":0,"102":0,"103":4,"104":2,"105":0,"106":0,"107":2,"108":4,"109":365,"110":365,"111":365,"112":730,"113":365,"114":365,"115":730,"116":365,"117":0,"118":0,"119":365,"120":4,"121":365,"122":365,"123":365,"124":730,"125":365,"126":365,"127":730,"128":365,"129":105,"130":105,"131":105,"132":105,"133":105,"134":105,"135":105,"136":105,"137":365,"138":365,"139":0,"140":0,"141":365,"142":4,"143":429,"144":429,"145":429,"146":858,"147":429,"148":429,"149":858,"150":429,"151":0,"152":429,"153":4,"154":6,"155":6,"156":6,"157":12,"158":6,"159":6,"160":12,"161":0,"162":0,"163":12,"164":6,"165":0,"166":0,"167":6,"168":4,"169":740,"170":740,"171":740,"172":1480,"173":740,"174":740,"175":1480,"176":740,"177":0,"178":0,"179":740,"180":4,"181":13,"182":13,"183":22,"184":4,"185":8,"186":4,"187":4,"188":8,"189":4,"190":834,"191":834,"192":1460,"193":208,"194":208,"195":208,"196":208,"197":208,"198":208,"199":208,"200":208,"201":208,"202":1464,"203":204,"204":204,"205":204,"206":204,"207":204,"208":204,"209":1246,"210":422,"211":422,"212":422,"213":422,"214":422,"215":422,"216":834,"217":4,"218":4,"219":15,"220":3,"221":6,"222":3,"223":3,"224":6,"225":3,"226":157,"227":157,"228":157,"229":157,"230":157,"231":157,"232":157,"233":157,"234":157,"235":3,"236":3,"237":9,"238":3,"239":6,"240":3,"241":3,"242":6,"243":3,"244":154,"245":154,"246":154,"247":154,"248":154,"249":154,"250":3,"251":3,"252":3,"253":3,"254":6,"255":3,"256":3,"257":6,"258":3,"259":318,"260":318,"261":318,"262":318,"263":318,"264":318,"265":3,"266":3,"267":0,"268":0,"269":0,"270":13,"271":4,"272":3,"273":3,"274":3,"275":6,"276":3,"277":3,"278":6,"279":3,"280":1,"281":2,"282":0,"283":0,"284":3,"285":4,"286":2,"287":2,"288":2,"289":4,"290":2,"291":2,"292":4,"293":2,"294":2,"295":0,"296":0,"297":0,"298":2,"299":4,"300":1,"301":1,"302":1,"303":2,"304":1,"305":1,"306":2,"307":1,"308":0,"309":0,"310":1,"311":4,"312":4,"313":4,"314":4,"315":8,"316":4,"317":4,"318":8,"319":4,"320":3,"321":1,"322":1,"323":1,"324":2,"325":0,"326":0,"327":0,"328":0,"329":0,"330":0,"331":0,"332":0,"333":0,"334":0,"335":0,"336":0,"337":1,"338":1,"339":2,"340":1,"341":0,"342":0,"343":0,"344":0,"345":0,"346":0,"347":0,"348":0,"349":0,"350":0,"351":0,"352":0,"353":1,"354":0,"355":0,"356":4,"357":4,"358":4},"f":{"0":9,"1":12,"2":13,"3":312,"4":2,"5":463,"6":211,"7":2,"8":365,"9":365,"10":105,"11":105,"12":429,"13":6,"14":740,"15":13,"16":834,"17":834,"18":157,"19":157,"20":154,"21":154,"22":318,"23":318,"24":3,"25":2,"26":1,"27":4,"28":1,"29":1},"b":{"0":[12],"1":[2],"2":[13,13,3,3,7,13],"3":[13],"4":[10],"5":[7],"6":[0],"7":[312],"8":[2,2],"9":[2],"10":[463],"11":[211],"12":[2,2],"13":[2],"14":[365],"15":[365],"16":[105,105,105],"17":[429],"18":[6,6],"19":[6],"20":[740],"21":[13,0],"22":[9],"23":[13,11],"24":[208,208,208,204,204,422,422,834],"25":[626],"26":[630],"27":[412],"28":[6],"29":[157,157,157],"30":[3],"31":[154,154],"32":[0],"33":[318,318],"34":[3],"35":[1],"36":[2],"37":[2],"38":[1],"39":[4],"40":[3],"41":[1],"42":[0],"43":[0]}}
,"/Users/biuea/openapi/src/routes/api.route.ts": {"path":"/Users/biuea/openapi/src/routes/api.route.ts","statementMap":{"0":{"start":{"line":3,"column":0},"end":{"line":3,"column":199}},"1":{"start":{"line":7,"column":0},"end":{"line":7,"column":52}},"2":{"start":{"line":9,"column":0},"end":{"line":9,"column":null}},"3":{"start":{"line":13,"column":8},"end":{"line":13,"column":43}},"4":{"start":{"line":16,"column":17},"end":{"line":40,"column":null}},"5":{"start":{"line":21,"column":18},"end":{"line":21,"column":54}},"6":{"start":{"line":22,"column":48},"end":{"line":22,"column":null}},"7":{"start":{"line":22,"column":18},"end":{"line":22,"column":null}},"8":{"start":{"line":24,"column":12},"end":{"line":27,"column":null}},"9":{"start":{"line":25,"column":16},"end":{"line":26,"column":61}},"10":{"start":{"line":29,"column":12},"end":{"line":32,"column":null}},"11":{"start":{"line":30,"column":16},"end":{"line":31,"column":61}},"12":{"start":{"line":34,"column":12},"end":{"line":35,"column":57}},"13":{"start":{"line":37,"column":12},"end":{"line":38,"column":36}},"14":{"start":{"line":42,"column":17},"end":{"line":64,"column":null}},"15":{"start":{"line":47,"column":18},"end":{"line":47,"column":54}},"16":{"start":{"line":48,"column":48},"end":{"line":48,"column":null}},"17":{"start":{"line":48,"column":18},"end":{"line":48,"column":null}},"18":{"start":{"line":50,"column":12},"end":{"line":56,"column":null}},"19":{"start":{"line":54,"column":16},"end":{"line":55,"column":61}},"20":{"start":{"line":58,"column":12},"end":{"line":59,"column":57}},"21":{"start":{"line":61,"column":12},"end":{"line":62,"column":36}},"22":{"start":{"line":66,"column":17},"end":{"line":90,"column":null}},"23":{"start":{"line":71,"column":18},"end":{"line":71,"column":62}},"24":{"start":{"line":72,"column":52},"end":{"line":72,"column":null}},"25":{"start":{"line":72,"column":18},"end":{"line":72,"column":null}},"26":{"start":{"line":74,"column":12},"end":{"line":77,"column":null}},"27":{"start":{"line":75,"column":16},"end":{"line":76,"column":65}},"28":{"start":{"line":79,"column":12},"end":{"line":82,"column":null}},"29":{"start":{"line":80,"column":16},"end":{"line":81,"column":65}},"30":{"start":{"line":84,"column":12},"end":{"line":85,"column":61}},"31":{"start":{"line":87,"column":12},"end":{"line":88,"column":36}},"32":{"start":{"line":92,"column":17},"end":{"line":116,"column":null}},"33":{"start":{"line":97,"column":18},"end":{"line":97,"column":95}},"34":{"start":{"line":98,"column":53},"end":{"line":98,"column":null}},"35":{"start":{"line":98,"column":18},"end":{"line":98,"column":null}},"36":{"start":{"line":100,"column":12},"end":{"line":103,"column":null}},"37":{"start":{"line":101,"column":16},"end":{"line":102,"column":66}},"38":{"start":{"line":105,"column":12},"end":{"line":108,"column":null}},"39":{"start":{"line":106,"column":16},"end":{"line":107,"column":66}},"40":{"start":{"line":110,"column":12},"end":{"line":111,"column":62}},"41":{"start":{"line":113,"column":12},"end":{"line":114,"column":36}},"42":{"start":{"line":117,"column":0},"end":{"line":117,"column":null}},"43":{"start":{"line":119,"column":9},"end":{"line":119,"column":22}}},"fnMap":{"0":{"name":"(anonymous_13)","decl":{"start":{"line":9,"column":0},"end":{"line":9,"column":null}},"loc":{"start":{"line":9,"column":0},"end":{"line":117,"column":null}}},"1":{"name":"ApiController","decl":{"start":{"line":12,"column":4},"end":{"line":12,"column":null}},"loc":{"start":{"line":12,"column":4},"end":{"line":14,"column":5}}},"2":{"name":"(anonymous_15)","decl":{"start":{"line":16,"column":4},"end":{"line":16,"column":17}},"loc":{"start":{"line":18,"column":34},"end":{"line":40,"column":null}}},"3":{"name":"(anonymous_18)","decl":{"start":{"line":42,"column":4},"end":{"line":42,"column":17}},"loc":{"start":{"line":44,"column":34},"end":{"line":64,"column":null}}},"4":{"name":"(anonymous_21)","decl":{"start":{"line":66,"column":4},"end":{"line":66,"column":17}},"loc":{"start":{"line":68,"column":34},"end":{"line":90,"column":null}}},"5":{"name":"(anonymous_24)","decl":{"start":{"line":92,"column":4},"end":{"line":92,"column":17}},"loc":{"start":{"line":94,"column":34},"end":{"line":116,"column":null}}}},"branchMap":{"0":{"loc":{"start":{"line":24,"column":12},"end":{"line":27,"column":null}},"type":"if","locations":[{"start":{"line":24,"column":12},"end":{"line":27,"column":null}}]},"1":{"loc":{"start":{"line":24,"column":15},"end":{"line":24,"column":102}},"type":"binary-expr","locations":[{"start":{"line":24,"column":15},"end":{"line":24,"column":60}},{"start":{"line":24,"column":64},"end":{"line":24,"column":102}}]},"2":{"loc":{"start":{"line":29,"column":12},"end":{"line":32,"column":null}},"type":"if","locations":[{"start":{"line":29,"column":12},"end":{"line":32,"column":null}}]},"3":{"loc":{"start":{"line":50,"column":12},"end":{"line":56,"column":null}},"type":"if","locations":[{"start":{"line":50,"column":12},"end":{"line":56,"column":null}}]},"4":{"loc":{"start":{"line":51,"column":16},"end":{"line":52,"column":56}},"type":"binary-expr","locations":[{"start":{"line":51,"column":17},"end":{"line":51,"column":64}},{"start":{"line":52,"column":17},"end":{"line":52,"column":55}}]},"5":{"loc":{"start":{"line":74,"column":12},"end":{"line":77,"column":null}},"type":"if","locations":[{"start":{"line":74,"column":12},"end":{"line":77,"column":null}}]},"6":{"loc":{"start":{"line":74,"column":15},"end":{"line":74,"column":110}},"type":"binary-expr","locations":[{"start":{"line":74,"column":15},"end":{"line":74,"column":64}},{"start":{"line":74,"column":68},"end":{"line":74,"column":110}}]},"7":{"loc":{"start":{"line":79,"column":12},"end":{"line":82,"column":null}},"type":"if","locations":[{"start":{"line":79,"column":12},"end":{"line":82,"column":null}}]},"8":{"loc":{"start":{"line":79,"column":15},"end":{"line":79,"column":99}},"type":"binary-expr","locations":[{"start":{"line":79,"column":15},"end":{"line":79,"column":54}},{"start":{"line":79,"column":58},"end":{"line":79,"column":99}}]},"9":{"loc":{"start":{"line":100,"column":12},"end":{"line":103,"column":null}},"type":"if","locations":[{"start":{"line":100,"column":12},"end":{"line":103,"column":null}}]},"10":{"loc":{"start":{"line":105,"column":12},"end":{"line":108,"column":null}},"type":"if","locations":[{"start":{"line":105,"column":12},"end":{"line":108,"column":null}}]},"11":{"loc":{"start":{"line":105,"column":15},"end":{"line":105,"column":112}},"type":"binary-expr","locations":[{"start":{"line":105,"column":15},"end":{"line":105,"column":65}},{"start":{"line":105,"column":69},"end":{"line":105,"column":112}}]}},"s":{"0":2,"1":2,"2":2,"3":2,"4":2,"5":7,"6":7,"7":7,"8":7,"9":0,"10":7,"11":2,"12":5,"13":0,"14":2,"15":5,"16":5,"17":5,"18":5,"19":0,"20":5,"21":0,"22":2,"23":2,"24":2,"25":2,"26":2,"27":0,"28":2,"29":2,"30":0,"31":0,"32":2,"33":2,"34":2,"35":2,"36":2,"37":1,"38":1,"39":0,"40":1,"41":0,"42":2,"43":2},"f":{"0":2,"1":2,"2":7,"3":5,"4":2,"5":2},"b":{"0":[0],"1":[7,7],"2":[2],"3":[0],"4":[5,5],"5":[0],"6":[2,2],"7":[2],"8":[2,2],"9":[1],"10":[0],"11":[1,1]}}
,"/Users/biuea/openapi/src/routes/index.ts": {"path":"/Users/biuea/openapi/src/routes/index.ts","statementMap":{"0":{"start":{"line":1,"column":0},"end":{"line":1,"column":42}},"1":{"start":{"line":2,"column":0},"end":{"line":2,"column":44}},"2":{"start":{"line":4,"column":23},"end":{"line":4,"column":39}},"3":{"start":{"line":39,"column":9},"end":{"line":39,"column":15}},"4":{"start":{"line":5,"column":37},"end":{"line":5,"column":56}},"5":{"start":{"line":7,"column":0},"end":{"line":13,"column":3}},"6":{"start":{"line":9,"column":30},"end":{"line":13,"column":2}},"7":{"start":{"line":10,"column":5},"end":{"line":13,"column":2}},"8":{"start":{"line":15,"column":0},"end":{"line":21,"column":3}},"9":{"start":{"line":17,"column":30},"end":{"line":21,"column":2}},"10":{"start":{"line":18,"column":5},"end":{"line":21,"column":2}},"11":{"start":{"line":23,"column":0},"end":{"line":29,"column":3}},"12":{"start":{"line":25,"column":30},"end":{"line":29,"column":2}},"13":{"start":{"line":26,"column":5},"end":{"line":29,"column":2}},"14":{"start":{"line":31,"column":0},"end":{"line":37,"column":3}},"15":{"start":{"line":33,"column":30},"end":{"line":37,"column":2}},"16":{"start":{"line":34,"column":5},"end":{"line":37,"column":2}}},"fnMap":{"0":{"name":"(anonymous_14)","decl":{"start":{"line":7,"column":26},"end":{"line":7,"column":null}},"loc":{"start":{"line":9,"column":30},"end":{"line":13,"column":2}}},"1":{"name":"(anonymous_15)","decl":{"start":{"line":9,"column":30},"end":{"line":9,"column":null}},"loc":{"start":{"line":9,"column":30},"end":{"line":13,"column":2}}},"2":{"name":"(anonymous_17)","decl":{"start":{"line":15,"column":25},"end":{"line":15,"column":null}},"loc":{"start":{"line":17,"column":30},"end":{"line":21,"column":2}}},"3":{"name":"(anonymous_18)","decl":{"start":{"line":17,"column":30},"end":{"line":17,"column":null}},"loc":{"start":{"line":17,"column":30},"end":{"line":21,"column":2}}},"4":{"name":"(anonymous_20)","decl":{"start":{"line":23,"column":31},"end":{"line":23,"column":null}},"loc":{"start":{"line":25,"column":30},"end":{"line":29,"column":2}}},"5":{"name":"(anonymous_21)","decl":{"start":{"line":25,"column":30},"end":{"line":25,"column":null}},"loc":{"start":{"line":25,"column":30},"end":{"line":29,"column":2}}},"6":{"name":"(anonymous_23)","decl":{"start":{"line":31,"column":29},"end":{"line":31,"column":null}},"loc":{"start":{"line":33,"column":30},"end":{"line":37,"column":2}}},"7":{"name":"(anonymous_24)","decl":{"start":{"line":33,"column":30},"end":{"line":33,"column":null}},"loc":{"start":{"line":33,"column":30},"end":{"line":37,"column":2}}}},"branchMap":{"0":{"loc":{"start":{"line":10,"column":5},"end":{"line":13,"column":2}},"type":"switch","locations":[{"start":{"line":10,"column":5},"end":{"line":13,"column":2}},{"start":{"line":10,"column":5},"end":{"line":13,"column":2}}]},"1":{"loc":{"start":{"line":18,"column":5},"end":{"line":21,"column":2}},"type":"switch","locations":[{"start":{"line":18,"column":5},"end":{"line":21,"column":2}},{"start":{"line":18,"column":5},"end":{"line":21,"column":2}}]},"2":{"loc":{"start":{"line":26,"column":5},"end":{"line":29,"column":2}},"type":"switch","locations":[{"start":{"line":26,"column":5},"end":{"line":29,"column":2}},{"start":{"line":26,"column":5},"end":{"line":29,"column":2}}]},"3":{"loc":{"start":{"line":34,"column":5},"end":{"line":37,"column":2}},"type":"switch","locations":[{"start":{"line":34,"column":5},"end":{"line":37,"column":2}},{"start":{"line":34,"column":5},"end":{"line":37,"column":2}}]}},"s":{"0":2,"1":2,"2":2,"3":2,"4":2,"5":2,"6":7,"7":14,"8":2,"9":5,"10":10,"11":2,"12":2,"13":4,"14":2,"15":2,"16":4},"f":{"0":7,"1":7,"2":5,"3":5,"4":2,"5":2,"6":2,"7":2},"b":{"0":[7,7],"1":[5,5],"2":[2,2],"3":[2,2]}}
,"/Users/biuea/openapi/src/service/api.service.ts": {"path":"/Users/biuea/openapi/src/service/api.service.ts","statementMap":{"0":{"start":{"line":2,"column":0},"end":{"line":2,"column":290}},"1":{"start":{"line":6,"column":0},"end":{"line":6,"column":61}},"2":{"start":{"line":7,"column":0},"end":{"line":7,"column":53}},"3":{"start":{"line":9,"column":0},"end":{"line":9,"column":null}},"4":{"start":{"line":14,"column":8},"end":{"line":14,"column":47}},"5":{"start":{"line":15,"column":8},"end":{"line":15,"column":49}},"6":{"start":{"line":18,"column":17},"end":{"line":143,"column":null}},"7":{"start":{"line":20,"column":12},"end":{"line":22,"column":null}},"8":{"start":{"line":25,"column":8},"end":{"line":31,"column":null}},"9":{"start":{"line":26,"column":12},"end":{"line":30,"column":14}},"10":{"start":{"line":34,"column":16},"end":{"line":34,"column":null}},"11":{"start":{"line":35,"column":55},"end":{"line":35,"column":103}},"12":{"start":{"line":35,"column":49},"end":{"line":35,"column":null}},"13":{"start":{"line":35,"column":18},"end":{"line":35,"column":null}},"14":{"start":{"line":37,"column":12},"end":{"line":39,"column":null}},"15":{"start":{"line":38,"column":16},"end":{"line":38,"column":39}},"16":{"start":{"line":41,"column":18},"end":{"line":41,"column":82}},"17":{"start":{"line":43,"column":15},"end":{"line":43,"column":27}},"18":{"start":{"line":44,"column":20},"end":{"line":48,"column":18}},"19":{"start":{"line":50,"column":50},"end":{"line":50,"column":null}},"20":{"start":{"line":50,"column":22},"end":{"line":50,"column":null}},"21":{"start":{"line":52,"column":16},"end":{"line":54,"column":null}},"22":{"start":{"line":53,"column":20},"end":{"line":53,"column":40}},"23":{"start":{"line":56,"column":16},"end":{"line":62,"column":18}},"24":{"start":{"line":64,"column":54},"end":{"line":64,"column":null}},"25":{"start":{"line":64,"column":22},"end":{"line":64,"column":null}},"26":{"start":{"line":66,"column":16},"end":{"line":68,"column":null}},"27":{"start":{"line":67,"column":20},"end":{"line":67,"column":40}},"28":{"start":{"line":70,"column":16},"end":{"line":70,"column":36}},"29":{"start":{"line":73,"column":15},"end":{"line":73,"column":27}},"30":{"start":{"line":74,"column":20},"end":{"line":78,"column":18}},"31":{"start":{"line":80,"column":49},"end":{"line":80,"column":null}},"32":{"start":{"line":80,"column":22},"end":{"line":80,"column":null}},"33":{"start":{"line":82,"column":16},"end":{"line":84,"column":null}},"34":{"start":{"line":83,"column":20},"end":{"line":83,"column":39}},"35":{"start":{"line":86,"column":16},"end":{"line":92,"column":18}},"36":{"start":{"line":94,"column":53},"end":{"line":94,"column":null}},"37":{"start":{"line":94,"column":22},"end":{"line":94,"column":null}},"38":{"start":{"line":96,"column":16},"end":{"line":98,"column":null}},"39":{"start":{"line":97,"column":20},"end":{"line":97,"column":43}},"40":{"start":{"line":100,"column":16},"end":{"line":100,"column":35}},"41":{"start":{"line":103,"column":15},"end":{"line":103,"column":27}},"42":{"start":{"line":104,"column":20},"end":{"line":108,"column":18}},"43":{"start":{"line":110,"column":49},"end":{"line":110,"column":null}},"44":{"start":{"line":110,"column":22},"end":{"line":110,"column":null}},"45":{"start":{"line":112,"column":16},"end":{"line":114,"column":null}},"46":{"start":{"line":113,"column":20},"end":{"line":113,"column":39}},"47":{"start":{"line":116,"column":16},"end":{"line":120,"column":18}},"48":{"start":{"line":122,"column":53},"end":{"line":122,"column":null}},"49":{"start":{"line":122,"column":22},"end":{"line":122,"column":null}},"50":{"start":{"line":124,"column":16},"end":{"line":126,"column":null}},"51":{"start":{"line":125,"column":20},"end":{"line":125,"column":43}},"52":{"start":{"line":128,"column":16},"end":{"line":128,"column":35}},"53":{"start":{"line":131,"column":12},"end":{"line":135,"column":14}},"54":{"start":{"line":137,"column":12},"end":{"line":141,"column":14}},"55":{"start":{"line":145,"column":17},"end":{"line":157,"column":null}},"56":{"start":{"line":147,"column":48},"end":{"line":147,"column":null}},"57":{"start":{"line":147,"column":18},"end":{"line":147,"column":null}},"58":{"start":{"line":149,"column":12},"end":{"line":149,"column":34}},"59":{"start":{"line":151,"column":12},"end":{"line":155,"column":14}},"60":{"start":{"line":159,"column":17},"end":{"line":192,"column":null}},"61":{"start":{"line":161,"column":12},"end":{"line":162,"column":null}},"62":{"start":{"line":166,"column":16},"end":{"line":166,"column":35}},"63":{"start":{"line":167,"column":47},"end":{"line":167,"column":null}},"64":{"start":{"line":167,"column":18},"end":{"line":167,"column":null}},"65":{"start":{"line":169,"column":12},"end":{"line":171,"column":null}},"66":{"start":{"line":170,"column":16},"end":{"line":170,"column":37}},"67":{"start":{"line":173,"column":12},"end":{"line":173,"column":28}},"68":{"start":{"line":174,"column":45},"end":{"line":174,"column":null}},"69":{"start":{"line":174,"column":18},"end":{"line":174,"column":null}},"70":{"start":{"line":176,"column":12},"end":{"line":178,"column":null}},"71":{"start":{"line":177,"column":16},"end":{"line":177,"column":35}},"72":{"start":{"line":180,"column":12},"end":{"line":181,"column":26}},"73":{"start":{"line":182,"column":52},"end":{"line":182,"column":null}},"74":{"start":{"line":182,"column":18},"end":{"line":182,"column":null}},"75":{"start":{"line":184,"column":12},"end":{"line":184,"column":38}},"76":{"start":{"line":186,"column":12},"end":{"line":190,"column":14}},"77":{"start":{"line":194,"column":17},"end":{"line":209,"column":null}},"78":{"start":{"line":195,"column":16},"end":{"line":195,"column":31}},"79":{"start":{"line":198,"column":18},"end":{"line":198,"column":45}},"80":{"start":{"line":199,"column":45},"end":{"line":199,"column":null}},"81":{"start":{"line":199,"column":18},"end":{"line":199,"column":null}},"82":{"start":{"line":201,"column":12},"end":{"line":201,"column":38}},"83":{"start":{"line":203,"column":12},"end":{"line":207,"column":14}},"84":{"start":{"line":210,"column":0},"end":{"line":210,"column":null}},"85":{"start":{"line":212,"column":9},"end":{"line":212,"column":19}}},"fnMap":{"0":{"name":"(anonymous_15)","decl":{"start":{"line":9,"column":0},"end":{"line":9,"column":null}},"loc":{"start":{"line":9,"column":0},"end":{"line":210,"column":null}}},"1":{"name":"ApiService","decl":{"start":{"line":13,"column":4},"end":{"line":13,"column":null}},"loc":{"start":{"line":13,"column":4},"end":{"line":16,"column":5}}},"2":{"name":"(anonymous_17)","decl":{"start":{"line":18,"column":4},"end":{"line":18,"column":17}},"loc":{"start":{"line":18,"column":52},"end":{"line":143,"column":null}}},"3":{"name":"(anonymous_20)","decl":{"start":{"line":145,"column":4},"end":{"line":145,"column":17}},"loc":{"start":{"line":145,"column":44},"end":{"line":157,"column":null}}},"4":{"name":"(anonymous_23)","decl":{"start":{"line":159,"column":4},"end":{"line":159,"column":17}},"loc":{"start":{"line":159,"column":64},"end":{"line":192,"column":null}}},"5":{"name":"(anonymous_26)","decl":{"start":{"line":194,"column":4},"end":{"line":194,"column":17}},"loc":{"start":{"line":194,"column":59},"end":{"line":209,"column":null}}}},"branchMap":{"0":{"loc":{"start":{"line":35,"column":49},"end":{"line":35,"column":null}},"type":"switch","locations":[{"start":{"line":35,"column":49},"end":{"line":35,"column":null}},{"start":{"line":131,"column":12},"end":{"line":135,"column":14}}]},"1":{"loc":{"start":{"line":25,"column":8},"end":{"line":31,"column":null}},"type":"if","locations":[{"start":{"line":25,"column":8},"end":{"line":31,"column":null}}]},"2":{"loc":{"start":{"line":37,"column":12},"end":{"line":39,"column":null}},"type":"if","locations":[{"start":{"line":37,"column":12},"end":{"line":39,"column":null}}]},"3":{"loc":{"start":{"line":43,"column":15},"end":{"line":43,"column":27}},"type":"if","locations":[{"start":{"line":43,"column":15},"end":{"line":43,"column":27}}]},"4":{"loc":{"start":{"line":52,"column":16},"end":{"line":54,"column":null}},"type":"if","locations":[{"start":{"line":52,"column":16},"end":{"line":54,"column":null}}]},"5":{"loc":{"start":{"line":66,"column":16},"end":{"line":68,"column":null}},"type":"if","locations":[{"start":{"line":66,"column":16},"end":{"line":68,"column":null}}]},"6":{"loc":{"start":{"line":73,"column":15},"end":{"line":73,"column":27}},"type":"if","locations":[{"start":{"line":73,"column":15},"end":{"line":73,"column":27}}]},"7":{"loc":{"start":{"line":82,"column":16},"end":{"line":84,"column":null}},"type":"if","locations":[{"start":{"line":82,"column":16},"end":{"line":84,"column":null}}]},"8":{"loc":{"start":{"line":96,"column":16},"end":{"line":98,"column":null}},"type":"if","locations":[{"start":{"line":96,"column":16},"end":{"line":98,"column":null}}]},"9":{"loc":{"start":{"line":103,"column":15},"end":{"line":103,"column":27}},"type":"if","locations":[{"start":{"line":103,"column":15},"end":{"line":103,"column":27}}]},"10":{"loc":{"start":{"line":112,"column":16},"end":{"line":114,"column":null}},"type":"if","locations":[{"start":{"line":112,"column":16},"end":{"line":114,"column":null}}]},"11":{"loc":{"start":{"line":124,"column":16},"end":{"line":126,"column":null}},"type":"if","locations":[{"start":{"line":124,"column":16},"end":{"line":126,"column":null}}]},"12":{"loc":{"start":{"line":169,"column":12},"end":{"line":171,"column":null}},"type":"if","locations":[{"start":{"line":169,"column":12},"end":{"line":171,"column":null}}]},"13":{"loc":{"start":{"line":176,"column":12},"end":{"line":178,"column":null}},"type":"if","locations":[{"start":{"line":176,"column":12},"end":{"line":178,"column":null}}]}},"s":{"0":3,"1":3,"2":3,"3":3,"4":4,"5":4,"6":3,"7":12,"8":12,"9":0,"10":12,"11":12,"12":12,"13":12,"14":12,"15":2,"16":10,"17":18,"18":2,"19":2,"20":2,"21":2,"22":0,"23":2,"24":2,"25":2,"26":2,"27":0,"28":2,"29":14,"30":2,"31":2,"32":2,"33":2,"34":0,"35":2,"36":2,"37":2,"38":2,"39":0,"40":2,"41":6,"42":6,"43":6,"44":6,"45":6,"46":0,"47":6,"48":6,"49":6,"50":6,"51":0,"52":6,"53":0,"54":0,"55":3,"56":9,"57":9,"58":9,"59":0,"60":3,"61":3,"62":3,"63":3,"64":3,"65":3,"66":1,"67":2,"68":2,"69":2,"70":2,"71":2,"72":0,"73":0,"74":0,"75":0,"76":0,"77":3,"78":3,"79":3,"80":3,"81":3,"82":3,"83":0,"84":3,"85":3},"f":{"0":3,"1":4,"2":12,"3":9,"4":3,"5":3},"b":{"0":[12,0],"1":[0],"2":[2],"3":[8],"4":[0],"5":[0],"6":[6],"7":[0],"8":[0],"9":[0],"10":[0],"11":[0],"12":[1],"13":[2]}}
,"/Users/biuea/openapi/src/util/resource.util.ts": {"path":"/Users/biuea/openapi/src/util/resource.util.ts","statementMap":{"0":{"start":{"line":1,"column":0},"end":{"line":1,"column":73}},"1":{"start":{"line":3,"column":0},"end":{"line":3,"column":null}},"2":{"start":{"line":4,"column":11},"end":{"line":24,"column":null}},"3":{"start":{"line":5,"column":26},"end":{"line":10,"column":10}},"4":{"start":{"line":11,"column":30},"end":{"line":15,"column":10}},"5":{"start":{"line":17,"column":8},"end":{"line":23,"column":null}},"6":{"start":{"line":18,"column":12},"end":{"line":18,"column":29}},"7":{"start":{"line":19,"column":15},"end":{"line":23,"column":null}},"8":{"start":{"line":20,"column":12},"end":{"line":20,"column":28}},"9":{"start":{"line":22,"column":12},"end":{"line":22,"column":28}},"10":{"start":{"line":26,"column":11},"end":{"line":28,"column":null}},"11":{"start":{"line":27,"column":8},"end":{"line":27,"column":78}},"12":{"start":{"line":30,"column":11},"end":{"line":40,"column":null}},"13":{"start":{"line":31,"column":32},"end":{"line":31,"column":72}},"14":{"start":{"line":33,"column":8},"end":{"line":39,"column":null}},"15":{"start":{"line":34,"column":12},"end":{"line":34,"column":25}},"16":{"start":{"line":35,"column":15},"end":{"line":39,"column":null}},"17":{"start":{"line":36,"column":12},"end":{"line":36,"column":34}},"18":{"start":{"line":37,"column":15},"end":{"line":39,"column":null}},"19":{"start":{"line":38,"column":12},"end":{"line":38,"column":27}},"20":{"start":{"line":42,"column":11},"end":{"line":60,"column":null}},"21":{"start":{"line":43,"column":8},"end":{"line":45,"column":null}},"22":{"start":{"line":44,"column":12},"end":{"line":44,"column":46}},"23":{"start":{"line":47,"column":8},"end":{"line":49,"column":null}},"24":{"start":{"line":48,"column":12},"end":{"line":48,"column":81}},"25":{"start":{"line":51,"column":8},"end":{"line":53,"column":null}},"26":{"start":{"line":52,"column":12},"end":{"line":52,"column":null}},"27":{"start":{"line":55,"column":8},"end":{"line":57,"column":null}},"28":{"start":{"line":56,"column":12},"end":{"line":56,"column":54}},"29":{"start":{"line":59,"column":8},"end":{"line":59,"column":22}},"30":{"start":{"line":62,"column":11},"end":{"line":64,"column":null}},"31":{"start":{"line":63,"column":8},"end":{"line":63,"column":59}},"32":{"start":{"line":65,"column":0},"end":{"line":65,"column":null}},"33":{"start":{"line":67,"column":9},"end":{"line":67,"column":21}}},"fnMap":{"0":{"name":"(anonymous_0)","decl":{"start":{"line":3,"column":0},"end":{"line":3,"column":null}},"loc":{"start":{"line":3,"column":0},"end":{"line":65,"column":null}}},"1":{"name":"(anonymous_2)","decl":{"start":{"line":4,"column":4},"end":{"line":4,"column":11}},"loc":{"start":{"line":4,"column":40},"end":{"line":24,"column":5}}},"2":{"name":"(anonymous_3)","decl":{"start":{"line":26,"column":4},"end":{"line":26,"column":11}},"loc":{"start":{"line":26,"column":40},"end":{"line":28,"column":5}}},"3":{"name":"(anonymous_4)","decl":{"start":{"line":30,"column":4},"end":{"line":30,"column":11}},"loc":{"start":{"line":30,"column":43},"end":{"line":40,"column":5}}},"4":{"name":"(anonymous_5)","decl":{"start":{"line":42,"column":4},"end":{"line":42,"column":11}},"loc":{"start":{"line":42,"column":37},"end":{"line":60,"column":5}}},"5":{"name":"(anonymous_6)","decl":{"start":{"line":62,"column":4},"end":{"line":62,"column":11}},"loc":{"start":{"line":62,"column":4},"end":{"line":64,"column":5}}}},"branchMap":{"0":{"loc":{"start":{"line":17,"column":8},"end":{"line":23,"column":null}},"type":"if","locations":[{"start":{"line":17,"column":8},"end":{"line":23,"column":null}},{"start":{"line":19,"column":15},"end":{"line":23,"column":null}}]},"1":{"loc":{"start":{"line":19,"column":15},"end":{"line":23,"column":null}},"type":"if","locations":[{"start":{"line":19,"column":15},"end":{"line":23,"column":null}},{"start":{"line":21,"column":15},"end":{"line":23,"column":null}}]},"2":{"loc":{"start":{"line":33,"column":8},"end":{"line":39,"column":null}},"type":"if","locations":[{"start":{"line":33,"column":8},"end":{"line":39,"column":null}},{"start":{"line":35,"column":15},"end":{"line":39,"column":null}}]},"3":{"loc":{"start":{"line":35,"column":15},"end":{"line":39,"column":null}},"type":"if","locations":[{"start":{"line":35,"column":15},"end":{"line":39,"column":null}},{"start":{"line":37,"column":15},"end":{"line":39,"column":null}}]},"4":{"loc":{"start":{"line":37,"column":15},"end":{"line":39,"column":null}},"type":"if","locations":[{"start":{"line":37,"column":15},"end":{"line":39,"column":null}}]},"5":{"loc":{"start":{"line":43,"column":8},"end":{"line":45,"column":null}},"type":"if","locations":[{"start":{"line":43,"column":8},"end":{"line":45,"column":null}}]},"6":{"loc":{"start":{"line":47,"column":8},"end":{"line":49,"column":null}},"type":"if","locations":[{"start":{"line":47,"column":8},"end":{"line":49,"column":null}}]},"7":{"loc":{"start":{"line":51,"column":8},"end":{"line":53,"column":null}},"type":"if","locations":[{"start":{"line":51,"column":8},"end":{"line":53,"column":null}}]},"8":{"loc":{"start":{"line":55,"column":8},"end":{"line":57,"column":null}},"type":"if","locations":[{"start":{"line":55,"column":8},"end":{"line":57,"column":null}}]}},"s":{"0":3,"1":3,"2":3,"3":10,"4":10,"5":10,"6":2,"7":8,"8":2,"9":6,"10":3,"11":2,"12":3,"13":2,"14":2,"15":1,"16":1,"17":0,"18":1,"19":1,"20":3,"21":6,"22":2,"23":4,"24":2,"25":2,"26":2,"27":0,"28":0,"29":0,"30":3,"31":6,"32":3,"33":3},"f":{"0":7,"1":10,"2":2,"3":2,"4":6,"5":6},"b":{"0":[2,8],"1":[2,6],"2":[1,1],"3":[0,1],"4":[1],"5":[2],"6":[2],"7":[2],"8":[0]}}
}
