TN:
SF:src/app.ts
FNF:0
FNH:0
DA:1,2
DA:2,2
DA:3,2
DA:4,2
DA:6,2
DA:8,2
DA:10,2
DA:12,2
DA:14,2
LF:9
LH:9
BRF:0
BRH:0
end_of_record
TN:
SF:src/index.ts
FN:5,(anonymous_13)
FN:9,Server
FN:17,(anonymous_15)
FN:18,(anonymous_18)
FN:24,(anonymous_19)
FN:24,(anonymous_20)
FNF:6
FNH:0
FNDA:0,(anonymous_13)
FNDA:0,Server
FNDA:0,(anonymous_15)
FNDA:0,(anonymous_18)
FNDA:0,(anonymous_19)
FNDA:0,(anonymous_20)
DA:2,0
DA:3,0
DA:5,0
DA:13,0
DA:14,0
DA:17,0
DA:18,0
DA:19,0
DA:22,0
DA:24,0
DA:26,0
LF:11
LH:0
BRDA:24,0,0,0
BRDA:24,0,1,0
BRF:2
BRH:0
end_of_record
TN:
SF:src/config/env.variable.ts
FNF:0
FNH:0
DA:1,4
DA:3,4
DA:4,4
DA:5,4
DA:6,4
DA:7,4
DA:10,4
DA:11,4
DA:12,4
DA:13,4
DA:14,4
DA:15,4
LF:12
LH:12
BRF:0
BRH:0
end_of_record
TN:
SF:src/constants/result.code.ts
FNF:0
FNH:0
DA:1,4
DA:2,4
DA:3,4
DA:5,4
DA:6,4
DA:7,4
DA:8,4
DA:10,4
DA:11,4
DA:12,4
DA:13,4
DA:14,4
DA:15,4
DA:16,4
DA:17,4
DA:18,4
DA:19,4
DA:20,4
DA:21,4
DA:22,4
DA:23,4
DA:24,4
DA:25,4
DA:26,4
DA:27,4
DA:28,4
DA:29,4
DA:30,4
DA:31,4
DA:32,4
DA:33,4
DA:35,4
DA:38,4
DA:39,4
DA:40,4
DA:41,4
DA:42,4
DA:43,4
DA:44,4
DA:45,4
DA:46,4
DA:47,4
DA:48,4
DA:49,4
DA:50,4
DA:51,4
DA:52,4
DA:53,4
DA:54,4
DA:55,4
DA:56,4
DA:57,4
DA:58,4
DA:59,4
DA:60,4
DA:61,4
DA:62,4
DA:63,4
DA:64,4
DA:65,4
DA:66,4
DA:67,4
DA:68,4
DA:69,4
LF:64
LH:64
BRF:0
BRH:0
end_of_record
TN:
SF:src/model/mysql.connection.ts
FNF:0
FNH:0
DA:1,4
DA:2,4
DA:10,4
DA:18,4
DA:20,4
LF:5
LH:5
BRF:0
BRH:0
end_of_record
TN:
SF:src/repository/api.repository.ts
FN:9,(anonymous_15)
FN:10,(anonymous_17)
FN:53,(anonymous_20)
FN:108,(anonymous_23)
FN:141,(anonymous_26)
FN:186,(anonymous_29)
FN:218,(anonymous_32)
FN:251,(anonymous_35)
FN:296,(anonymous_38)
FN:328,(anonymous_41)
FN:345,(anonymous_44)
FN:345,(anonymous_45)
FN:373,(anonymous_47)
FN:406,(anonymous_50)
FN:451,(anonymous_53)
FN:486,(anonymous_56)
FN:500,(anonymous_59)
FN:500,(anonymous_60)
FN:545,(anonymous_62)
FN:545,(anonymous_63)
FN:576,(anonymous_65)
FN:576,(anonymous_66)
FN:603,(anonymous_68)
FN:603,(anonymous_69)
FN:638,(anonymous_71)
FN:678,(anonymous_74)
FN:721,(anonymous_77)
FN:753,(anonymous_80)
FN:775,(anonymous_83)
FN:775,(anonymous_84)
FNF:30
FNH:30
FNDA:9,(anonymous_15)
FNDA:12,(anonymous_17)
FNDA:13,(anonymous_20)
FNDA:312,(anonymous_23)
FNDA:2,(anonymous_26)
FNDA:463,(anonymous_29)
FNDA:211,(anonymous_32)
FNDA:2,(anonymous_35)
FNDA:365,(anonymous_38)
FNDA:365,(anonymous_41)
FNDA:105,(anonymous_44)
FNDA:105,(anonymous_45)
FNDA:429,(anonymous_47)
FNDA:6,(anonymous_50)
FNDA:740,(anonymous_53)
FNDA:13,(anonymous_56)
FNDA:834,(anonymous_59)
FNDA:834,(anonymous_60)
FNDA:157,(anonymous_62)
FNDA:157,(anonymous_63)
FNDA:154,(anonymous_65)
FNDA:154,(anonymous_66)
FNDA:318,(anonymous_68)
FNDA:318,(anonymous_69)
FNDA:3,(anonymous_71)
FNDA:2,(anonymous_74)
FNDA:1,(anonymous_77)
FNDA:4,(anonymous_80)
FNDA:1,(anonymous_83)
FNDA:1,(anonymous_84)
DA:3,4
DA:7,4
DA:9,4
DA:10,4
DA:11,12
DA:14,12
DA:18,24
DA:20,12
DA:25,24
DA:27,12
DA:28,2
DA:35,10
DA:41,0
DA:43,0
DA:49,12
DA:53,4
DA:54,13
DA:57,13
DA:61,26
DA:63,13
DA:68,26
DA:69,0
DA:71,0
DA:78,26
DA:82,23
DA:83,3
DA:84,17
DA:85,3
DA:86,7
DA:87,7
DA:90,13
DA:96,0
DA:98,0
DA:104,13
DA:108,4
DA:109,312
DA:112,312
DA:116,624
DA:118,312
DA:123,624
DA:125,312
DA:131,0
DA:137,312
DA:141,4
DA:142,2
DA:145,2
DA:149,4
DA:151,2
DA:156,4
DA:157,0
DA:159,0
DA:166,4
DA:168,2
DA:174,0
DA:176,0
DA:182,2
DA:186,4
DA:187,463
DA:190,463
DA:194,926
DA:196,463
DA:198,926
DA:200,463
DA:206,0
DA:208,0
DA:214,463
DA:218,4
DA:219,211
DA:222,211
DA:226,422
DA:228,211
DA:233,422
DA:235,211
DA:241,0
DA:247,211
DA:251,4
DA:252,2
DA:255,2
DA:259,4
DA:261,2
DA:266,4
DA:267,0
DA:269,0
DA:276,4
DA:278,2
DA:284,0
DA:286,0
DA:292,2
DA:296,4
DA:297,365
DA:300,365
DA:304,730
DA:306,365
DA:308,730
DA:310,365
DA:316,0
DA:318,0
DA:324,365
DA:328,4
DA:329,365
DA:332,365
DA:336,730
DA:338,365
DA:343,730
DA:345,365
DA:346,105
DA:347,105
DA:349,105
DA:355,365
DA:361,0
DA:363,0
DA:369,365
DA:373,4
DA:374,429
DA:377,429
DA:381,858
DA:383,429
DA:388,858
DA:390,429
DA:396,0
DA:402,429
DA:406,4
DA:407,6
DA:410,6
DA:414,12
DA:416,6
DA:421,12
DA:422,0
DA:424,0
DA:431,12
DA:433,6
DA:439,0
DA:441,0
DA:447,6
DA:451,4
DA:452,740
DA:455,740
DA:459,1480
DA:461,740
DA:466,1480
DA:468,740
DA:474,0
DA:476,0
DA:482,740
DA:486,4
DA:487,13
DA:490,22
DA:491,4
DA:494,8
DA:496,4
DA:498,8
DA:500,834
DA:501,834
DA:506,1460
DA:507,208
DA:508,208
DA:509,208
DA:512,1464
DA:513,204
DA:514,204
DA:517,1246
DA:518,422
DA:519,422
DA:522,834
DA:529,4
DA:534,15
DA:535,3
DA:539,6
DA:541,3
DA:543,6
DA:545,157
DA:546,157
DA:547,157
DA:548,157
DA:554,157
DA:557,3
DA:562,9
DA:563,3
DA:567,6
DA:569,3
DA:574,6
DA:576,154
DA:577,154
DA:579,154
DA:584,154
DA:587,3
DA:592,3
DA:593,3
DA:597,6
DA:599,3
DA:601,6
DA:603,318
DA:604,318
DA:605,318
DA:610,318
DA:613,3
DA:620,0
DA:626,0
DA:628,0
DA:634,13
DA:638,4
DA:639,3
DA:642,3
DA:646,6
DA:648,3
DA:650,6
DA:652,3
DA:653,1
DA:660,2
DA:666,0
DA:668,0
DA:674,3
DA:678,4
DA:679,2
DA:682,2
DA:686,4
DA:688,2
DA:693,4
DA:695,2
DA:696,2
DA:703,0
DA:709,0
DA:711,0
DA:717,2
DA:721,4
DA:722,1
DA:725,1
DA:729,2
DA:731,1
DA:733,2
DA:735,1
DA:741,0
DA:743,0
DA:749,1
DA:753,4
DA:754,4
DA:757,4
DA:761,8
DA:763,4
DA:765,8
DA:767,4
DA:768,3
DA:775,1
DA:776,1
DA:778,2
DA:779,0
DA:783,0
DA:785,0
DA:787,0
DA:789,0
DA:793,0
DA:795,0
DA:797,0
DA:799,0
DA:805,0
DA:806,1
DA:807,1
DA:811,2
DA:813,1
DA:815,0
DA:817,0
DA:822,0
DA:823,0
DA:824,0
DA:828,0
DA:830,0
DA:832,0
DA:834,0
DA:839,0
DA:843,1
DA:849,0
DA:851,0
DA:857,4
DA:860,4
DA:862,4
LF:275
LH:214
BRDA:11,0,0,12
BRDA:27,1,0,2
BRDA:54,2,0,13
BRDA:54,2,1,13
BRDA:54,2,2,3
BRDA:54,2,3,3
BRDA:54,2,4,7
BRDA:54,2,5,13
BRDA:68,3,0,13
BRDA:82,4,0,10
BRDA:84,5,0,7
BRDA:86,6,0,0
BRDA:109,7,0,312
BRDA:142,8,0,2
BRDA:142,8,1,2
BRDA:156,9,0,2
BRDA:187,10,0,463
BRDA:219,11,0,211
BRDA:252,12,0,2
BRDA:252,12,1,2
BRDA:266,13,0,2
BRDA:297,14,0,365
BRDA:329,15,0,365
BRDA:346,16,0,105
BRDA:346,16,1,105
BRDA:346,16,2,105
BRDA:374,17,0,429
BRDA:407,18,0,6
BRDA:407,18,1,6
BRDA:421,19,0,6
BRDA:452,20,0,740
BRDA:487,21,0,13
BRDA:487,21,1,0
BRDA:490,22,0,9
BRDA:490,23,0,13
BRDA:490,23,1,11
BRDA:507,24,0,208
BRDA:507,24,1,208
BRDA:507,24,2,208
BRDA:507,24,3,204
BRDA:507,24,4,204
BRDA:507,24,5,422
BRDA:507,24,6,422
BRDA:507,24,7,834
BRDA:506,25,0,626
BRDA:512,26,0,630
BRDA:517,27,0,412
BRDA:534,28,0,6
BRDA:546,29,0,157
BRDA:546,29,1,157
BRDA:546,29,2,157
BRDA:562,30,0,3
BRDA:577,31,0,154
BRDA:577,31,1,154
BRDA:592,32,0,0
BRDA:604,33,0,318
BRDA:604,33,1,318
BRDA:639,34,0,3
BRDA:652,35,0,1
BRDA:679,36,0,2
BRDA:695,37,0,2
BRDA:722,38,0,1
BRDA:754,39,0,4
BRDA:767,40,0,3
BRDA:778,41,0,1
BRDA:806,42,0,0
BRDA:823,43,0,0
BRF:67
BRH:62
end_of_record
TN:
SF:src/routes/api.route.ts
FN:9,(anonymous_13)
FN:12,ApiController
FN:16,(anonymous_15)
FN:42,(anonymous_18)
FN:66,(anonymous_21)
FN:92,(anonymous_24)
FNF:6
FNH:6
FNDA:2,(anonymous_13)
FNDA:2,ApiController
FNDA:7,(anonymous_15)
FNDA:5,(anonymous_18)
FNDA:2,(anonymous_21)
FNDA:2,(anonymous_24)
DA:3,2
DA:7,2
DA:9,2
DA:13,2
DA:16,2
DA:21,7
DA:22,7
DA:24,7
DA:25,0
DA:29,7
DA:30,2
DA:34,5
DA:37,0
DA:42,2
DA:47,5
DA:48,5
DA:50,5
DA:54,0
DA:58,5
DA:61,0
DA:66,2
DA:71,2
DA:72,2
DA:74,2
DA:75,0
DA:79,2
DA:80,2
DA:84,0
DA:87,0
DA:92,2
DA:97,2
DA:98,2
DA:100,2
DA:101,1
DA:105,1
DA:106,0
DA:110,1
DA:113,0
DA:117,2
DA:119,2
LF:40
LH:31
BRDA:24,0,0,0
BRDA:24,1,0,7
BRDA:24,1,1,7
BRDA:29,2,0,2
BRDA:50,3,0,0
BRDA:51,4,0,5
BRDA:51,4,1,5
BRDA:74,5,0,0
BRDA:74,6,0,2
BRDA:74,6,1,2
BRDA:79,7,0,2
BRDA:79,8,0,2
BRDA:79,8,1,2
BRDA:100,9,0,1
BRDA:105,10,0,0
BRDA:105,11,0,1
BRDA:105,11,1,1
BRF:17
BRH:13
end_of_record
TN:
SF:src/routes/index.ts
FN:7,(anonymous_14)
FN:9,(anonymous_15)
FN:15,(anonymous_17)
FN:17,(anonymous_18)
FN:23,(anonymous_20)
FN:25,(anonymous_21)
FN:31,(anonymous_23)
FN:33,(anonymous_24)
FNF:8
FNH:8
FNDA:7,(anonymous_14)
FNDA:7,(anonymous_15)
FNDA:5,(anonymous_17)
FNDA:5,(anonymous_18)
FNDA:2,(anonymous_20)
FNDA:2,(anonymous_21)
FNDA:2,(anonymous_23)
FNDA:2,(anonymous_24)
DA:1,2
DA:2,2
DA:4,2
DA:5,2
DA:7,2
DA:9,7
DA:10,14
DA:15,2
DA:17,5
DA:18,10
DA:23,2
DA:25,2
DA:26,4
DA:31,2
DA:33,2
DA:34,4
DA:39,2
LF:17
LH:17
BRDA:10,0,0,7
BRDA:10,0,1,7
BRDA:18,1,0,5
BRDA:18,1,1,5
BRDA:26,2,0,2
BRDA:26,2,1,2
BRDA:34,3,0,2
BRDA:34,3,1,2
BRF:8
BRH:8
end_of_record
TN:
SF:src/service/api.service.ts
FN:9,(anonymous_15)
FN:13,ApiService
FN:18,(anonymous_17)
FN:145,(anonymous_20)
FN:159,(anonymous_23)
FN:194,(anonymous_26)
FNF:6
FNH:6
FNDA:3,(anonymous_15)
FNDA:4,ApiService
FNDA:12,(anonymous_17)
FNDA:9,(anonymous_20)
FNDA:3,(anonymous_23)
FNDA:3,(anonymous_26)
DA:2,3
DA:6,3
DA:7,3
DA:9,3
DA:14,4
DA:15,4
DA:18,3
DA:20,12
DA:25,12
DA:26,0
DA:34,12
DA:35,12
DA:37,12
DA:38,2
DA:41,10
DA:43,18
DA:44,2
DA:50,2
DA:52,2
DA:53,0
DA:56,2
DA:64,2
DA:66,2
DA:67,0
DA:70,2
DA:73,14
DA:74,2
DA:80,2
DA:82,2
DA:83,0
DA:86,2
DA:94,2
DA:96,2
DA:97,0
DA:100,2
DA:103,6
DA:104,6
DA:110,6
DA:112,6
DA:113,0
DA:116,6
DA:122,6
DA:124,6
DA:125,0
DA:128,6
DA:131,0
DA:137,0
DA:145,3
DA:147,9
DA:149,9
DA:151,0
DA:159,3
DA:161,3
DA:166,3
DA:167,3
DA:169,3
DA:170,1
DA:173,2
DA:174,2
DA:176,2
DA:177,2
DA:180,0
DA:182,0
DA:184,0
DA:186,0
DA:194,3
DA:195,3
DA:198,3
DA:199,3
DA:201,3
DA:203,0
DA:210,3
DA:212,3
LF:73
LH:58
BRDA:35,0,0,12
BRDA:35,0,1,0
BRDA:25,1,0,0
BRDA:37,2,0,2
BRDA:43,3,0,8
BRDA:52,4,0,0
BRDA:66,5,0,0
BRDA:73,6,0,6
BRDA:82,7,0,0
BRDA:96,8,0,0
BRDA:103,9,0,0
BRDA:112,10,0,0
BRDA:124,11,0,0
BRDA:169,12,0,1
BRDA:176,13,0,2
BRF:15
BRH:6
end_of_record
TN:
SF:src/util/resource.util.ts
FN:3,(anonymous_0)
FN:4,(anonymous_2)
FN:26,(anonymous_3)
FN:30,(anonymous_4)
FN:42,(anonymous_5)
FN:62,(anonymous_6)
FNF:6
FNH:6
FNDA:7,(anonymous_0)
FNDA:10,(anonymous_2)
FNDA:2,(anonymous_3)
FNDA:2,(anonymous_4)
FNDA:6,(anonymous_5)
FNDA:6,(anonymous_6)
DA:1,3
DA:3,3
DA:4,3
DA:5,10
DA:11,10
DA:17,10
DA:18,2
DA:19,8
DA:20,2
DA:22,6
DA:26,3
DA:27,2
DA:30,3
DA:31,2
DA:33,2
DA:34,1
DA:35,1
DA:36,0
DA:37,1
DA:38,1
DA:42,3
DA:43,6
DA:44,2
DA:47,4
DA:48,2
DA:51,2
DA:52,2
DA:55,0
DA:56,0
DA:59,0
DA:62,3
DA:63,6
DA:65,3
DA:67,3
LF:34
LH:30
BRDA:17,0,0,2
BRDA:17,0,1,8
BRDA:19,1,0,2
BRDA:19,1,1,6
BRDA:33,2,0,1
BRDA:33,2,1,1
BRDA:35,3,0,0
BRDA:35,3,1,1
BRDA:37,4,0,1
BRDA:43,5,0,2
BRDA:47,6,0,2
BRDA:51,7,0,2
BRDA:55,8,0,0
BRF:13
BRH:11
end_of_record
